<?xml version="1.0" encoding="UTF-8"?>
<testsuite xmlns:xsi="http://www.w3.org/2001/XMLSchema-instance" xsi:noNamespaceSchemaLocation="https://maven.apache.org/surefire/maven-surefire-plugin/xsd/surefire-test-report.xsd" version="3.0.2" name="com.bica.web.service.AnalysisServiceTest" time="14.082" tests="12" errors="0" skipped="0" failures="0">
  <properties>
[...]
</properties>
  <testcase name="analyzeBadInput" classname="com.bica.web.service.AnalysisServiceTest" time="0.009"/>
  <testcase name="analyzeTestCountsPresent" classname="com.bica.web.service.AnalysisServiceTest" time="0.261">
    <system-out><![CDATA[21:37:30.353 [main] INFO guru.nidi.graphviz.engine.GraphvizCmdLineEngine -- input  file:///tmp/GraphvizJava/DotEngine5703111418134295250/dotfile.dot
21:37:30.359 [main] INFO guru.nidi.graphviz.service.CommandLineExecutor -- executing command [/bin/sh, -c, dot -Kdot -Tsvg  /tmp/GraphvizJava/DotEngine5703111418134295250/dotfile.dot -ooutfile.svg]
21:37:30.464 [main] INFO guru.nidi.graphviz.engine.GraphvizCmdLineEngine -- output file:///tmp/GraphvizJava/DotEngine5703111418134295250/outfile.svg
]]></system-out>
  </testcase>
  <testcase name="benchmarksLoaded" classname="com.bica.web.service.AnalysisServiceTest" time="6.457">
    <system-out><![CDATA[21:37:30.492 [main] INFO com.bica.web.service.AnalysisService -- Pre-rendering 56 benchmarks...
21:37:30.504 [main] INFO guru.nidi.graphviz.engine.GraphvizCmdLineEngine -- input  file:///tmp/GraphvizJava/DotEngine9710267128899008531/dotfile.dot
21:37:30.505 [main] INFO guru.nidi.graphviz.service.CommandLineExecutor -- executing command [/bin/sh, -c, dot -Kdot -Tsvg  /tmp/GraphvizJava/DotEngine9710267128899008531/dotfile.dot -ooutfile.svg]
21:37:30.606 [main] INFO guru.nidi.graphviz.engine.GraphvizCmdLineEngine -- output file:///tmp/GraphvizJava/DotEngine9710267128899008531/outfile.svg
21:37:30.622 [main] INFO guru.nidi.graphviz.engine.GraphvizCmdLineEngine -- input  file:///tmp/GraphvizJava/DotEngine4954779795352866819/dotfile.dot
21:37:30.622 [main] INFO guru.nidi.graphviz.service.CommandLineExecutor -- executing command [/bin/sh, -c, dot -Kdot -Tsvg  /tmp/GraphvizJava/DotEngine4954779795352866819/dotfile.dot -ooutfile.svg]
21:37:30.723 [main] INFO guru.nidi.graphviz.engine.GraphvizCmdLineEngine -- output file:///tmp/GraphvizJava/DotEngine4954779795352866819/outfile.svg
21:37:30.736 [main] INFO guru.nidi.graphviz.engine.GraphvizCmdLineEngine -- input  file:///tmp/GraphvizJava/DotEngine13881429339582017791/dotfile.dot
21:37:30.736 [main] INFO guru.nidi.graphviz.service.CommandLineExecutor -- executing command [/bin/sh, -c, dot -Kdot -Tsvg  /tmp/GraphvizJava/DotEngine13881429339582017791/dotfile.dot -ooutfile.svg]
21:37:30.837 [main] INFO guru.nidi.graphviz.engine.GraphvizCmdLineEngine -- output file:///tmp/GraphvizJava/DotEngine13881429339582017791/outfile.svg
21:37:30.847 [main] INFO guru.nidi.graphviz.engine.GraphvizCmdLineEngine -- input  file:///tmp/GraphvizJava/DotEngine8823352127934038860/dotfile.dot
21:37:30.847 [main] INFO guru.nidi.graphviz.service.CommandLineExecutor -- executing command [/bin/sh, -c, dot -Kdot -Tsvg  /tmp/GraphvizJava/DotEngine8823352127934038860/dotfile.dot -ooutfile.svg]
21:37:30.897 [main] INFO guru.nidi.graphviz.engine.GraphvizCmdLineEngine -- output file:///tmp/GraphvizJava/DotEngine8823352127934038860/outfile.svg
21:37:30.910 [main] INFO guru.nidi.graphviz.engine.GraphvizCmdLineEngine -- input  file:///tmp/GraphvizJava/DotEngine2783107547165739142/dotfile.dot
21:37:30.910 [main] INFO guru.nidi.graphviz.service.CommandLineExecutor -- executing command [/bin/sh, -c, dot -Kdot -Tsvg  /tmp/GraphvizJava/DotEngine2783107547165739142/dotfile.dot -ooutfile.svg]
21:37:31.011 [main] INFO guru.nidi.graphviz.engine.GraphvizCmdLineEngine -- output file:///tmp/GraphvizJava/DotEngine2783107547165739142/outfile.svg
21:37:31.046 [main] INFO guru.nidi.graphviz.engine.GraphvizCmdLineEngine -- input  file:///tmp/GraphvizJava/DotEngine9429199707991680183/dotfile.dot
21:37:31.046 [main] INFO guru.nidi.graphviz.service.CommandLineExecutor -- executing command [/bin/sh, -c, dot -Kdot -Tsvg  /tmp/GraphvizJava/DotEngine9429199707991680183/dotfile.dot -ooutfile.svg]
21:37:31.147 [main] INFO guru.nidi.graphviz.engine.GraphvizCmdLineEngine -- output file:///tmp/GraphvizJava/DotEngine9429199707991680183/outfile.svg
21:37:31.160 [main] INFO guru.nidi.graphviz.engine.GraphvizCmdLineEngine -- input  file:///tmp/GraphvizJava/DotEngine4500614204237712751/dotfile.dot
21:37:31.161 [main] INFO guru.nidi.graphviz.service.CommandLineExecutor -- executing command [/bin/sh, -c, dot -Kdot -Tsvg  /tmp/GraphvizJava/DotEngine4500614204237712751/dotfile.dot -ooutfile.svg]
21:37:31.211 [main] INFO guru.nidi.graphviz.engine.GraphvizCmdLineEngine -- output file:///tmp/GraphvizJava/DotEngine4500614204237712751/outfile.svg
21:37:31.232 [main] INFO guru.nidi.graphviz.engine.GraphvizCmdLineEngine -- input  file:///tmp/GraphvizJava/DotEngine11016974959868843081/dotfile.dot
21:37:31.232 [main] INFO guru.nidi.graphviz.service.CommandLineExecutor -- executing command [/bin/sh, -c, dot -Kdot -Tsvg  /tmp/GraphvizJava/DotEngine11016974959868843081/dotfile.dot -ooutfile.svg]
21:37:31.333 [main] INFO guru.nidi.graphviz.engine.GraphvizCmdLineEngine -- output file:///tmp/GraphvizJava/DotEngine11016974959868843081/outfile.svg
21:37:31.345 [main] INFO guru.nidi.graphviz.engine.GraphvizCmdLineEngine -- input  file:///tmp/GraphvizJava/DotEngine4471681865153660911/dotfile.dot
21:37:31.345 [main] INFO guru.nidi.graphviz.service.CommandLineExecutor -- executing command [/bin/sh, -c, dot -Kdot -Tsvg  /tmp/GraphvizJava/DotEngine4471681865153660911/dotfile.dot -ooutfile.svg]
21:37:31.446 [main] INFO guru.nidi.graphviz.engine.GraphvizCmdLineEngine -- output file:///tmp/GraphvizJava/DotEngine4471681865153660911/outfile.svg
21:37:31.457 [main] INFO guru.nidi.graphviz.engine.GraphvizCmdLineEngine -- input  file:///tmp/GraphvizJava/DotEngine12687321043516106651/dotfile.dot
21:37:31.457 [main] INFO guru.nidi.graphviz.service.CommandLineExecutor -- executing command [/bin/sh, -c, dot -Kdot -Tsvg  /tmp/GraphvizJava/DotEngine12687321043516106651/dotfile.dot -ooutfile.svg]
21:37:31.558 [main] INFO guru.nidi.graphviz.engine.GraphvizCmdLineEngine -- output file:///tmp/GraphvizJava/DotEngine12687321043516106651/outfile.svg
21:37:31.579 [main] INFO guru.nidi.graphviz.engine.GraphvizCmdLineEngine -- input  file:///tmp/GraphvizJava/DotEngine2263423305961720356/dotfile.dot
21:37:31.579 [main] INFO guru.nidi.graphviz.service.CommandLineExecutor -- executing command [/bin/sh, -c, dot -Kdot -Tsvg  /tmp/GraphvizJava/DotEngine2263423305961720356/dotfile.dot -ooutfile.svg]
21:37:31.680 [main] INFO guru.nidi.graphviz.engine.GraphvizCmdLineEngine -- output file:///tmp/GraphvizJava/DotEngine2263423305961720356/outfile.svg
21:37:31.705 [main] INFO guru.nidi.graphviz.engine.GraphvizCmdLineEngine -- input  file:///tmp/GraphvizJava/DotEngine10996799963967856961/dotfile.dot
21:37:31.705 [main] INFO guru.nidi.graphviz.service.CommandLineExecutor -- executing command [/bin/sh, -c, dot -Kdot -Tsvg  /tmp/GraphvizJava/DotEngine10996799963967856961/dotfile.dot -ooutfile.svg]
21:37:31.806 [main] INFO guru.nidi.graphviz.engine.GraphvizCmdLineEngine -- output file:///tmp/GraphvizJava/DotEngine10996799963967856961/outfile.svg
21:37:31.832 [main] INFO guru.nidi.graphviz.engine.GraphvizCmdLineEngine -- input  file:///tmp/GraphvizJava/DotEngine7102470886982467337/dotfile.dot
21:37:31.833 [main] INFO guru.nidi.graphviz.service.CommandLineExecutor -- executing command [/bin/sh, -c, dot -Kdot -Tsvg  /tmp/GraphvizJava/DotEngine7102470886982467337/dotfile.dot -ooutfile.svg]
21:37:31.884 [main] INFO guru.nidi.graphviz.engine.GraphvizCmdLineEngine -- output file:///tmp/GraphvizJava/DotEngine7102470886982467337/outfile.svg
21:37:31.893 [main] INFO guru.nidi.graphviz.engine.GraphvizCmdLineEngine -- input  file:///tmp/GraphvizJava/DotEngine2163947114885052206/dotfile.dot
21:37:31.893 [main] INFO guru.nidi.graphviz.service.CommandLineExecutor -- executing command [/bin/sh, -c, dot -Kdot -Tsvg  /tmp/GraphvizJava/DotEngine2163947114885052206/dotfile.dot -ooutfile.svg]
21:37:31.944 [main] INFO guru.nidi.graphviz.engine.GraphvizCmdLineEngine -- output file:///tmp/GraphvizJava/DotEngine2163947114885052206/outfile.svg
21:37:31.953 [main] INFO guru.nidi.graphviz.engine.GraphvizCmdLineEngine -- input  file:///tmp/GraphvizJava/DotEngine11052037831399976026/dotfile.dot
21:37:31.953 [main] INFO guru.nidi.graphviz.service.CommandLineExecutor -- executing command [/bin/sh, -c, dot -Kdot -Tsvg  /tmp/GraphvizJava/DotEngine11052037831399976026/dotfile.dot -ooutfile.svg]
21:37:32.054 [main] INFO guru.nidi.graphviz.engine.GraphvizCmdLineEngine -- output file:///tmp/GraphvizJava/DotEngine11052037831399976026/outfile.svg
21:37:32.069 [main] INFO guru.nidi.graphviz.engine.GraphvizCmdLineEngine -- input  file:///tmp/GraphvizJava/DotEngine6106252014512508322/dotfile.dot
21:37:32.069 [main] INFO guru.nidi.graphviz.service.CommandLineExecutor -- executing command [/bin/sh, -c, dot -Kdot -Tsvg  /tmp/GraphvizJava/DotEngine6106252014512508322/dotfile.dot -ooutfile.svg]
21:37:32.170 [main] INFO guru.nidi.graphviz.engine.GraphvizCmdLineEngine -- output file:///tmp/GraphvizJava/DotEngine6106252014512508322/outfile.svg
21:37:32.191 [main] INFO guru.nidi.graphviz.engine.GraphvizCmdLineEngine -- input  file:///tmp/GraphvizJava/DotEngine5703105808015291916/dotfile.dot
21:37:32.192 [main] INFO guru.nidi.graphviz.service.CommandLineExecutor -- executing command [/bin/sh, -c, dot -Kdot -Tsvg  /tmp/GraphvizJava/DotEngine5703105808015291916/dotfile.dot -ooutfile.svg]
21:37:32.293 [main] INFO guru.nidi.graphviz.engine.GraphvizCmdLineEngine -- output file:///tmp/GraphvizJava/DotEngine5703105808015291916/outfile.svg
21:37:32.314 [main] INFO guru.nidi.graphviz.engine.GraphvizCmdLineEngine -- input  file:///tmp/GraphvizJava/DotEngine5274299866842680965/dotfile.dot
21:37:32.315 [main] INFO guru.nidi.graphviz.service.CommandLineExecutor -- executing command [/bin/sh, -c, dot -Kdot -Tsvg  /tmp/GraphvizJava/DotEngine5274299866842680965/dotfile.dot -ooutfile.svg]
21:37:32.416 [main] INFO guru.nidi.graphviz.engine.GraphvizCmdLineEngine -- output file:///tmp/GraphvizJava/DotEngine5274299866842680965/outfile.svg
21:37:32.440 [main] INFO guru.nidi.graphviz.engine.GraphvizCmdLineEngine -- input  file:///tmp/GraphvizJava/DotEngine2366015542209732442/dotfile.dot
21:37:32.440 [main] INFO guru.nidi.graphviz.service.CommandLineExecutor -- executing command [/bin/sh, -c, dot -Kdot -Tsvg  /tmp/GraphvizJava/DotEngine2366015542209732442/dotfile.dot -ooutfile.svg]
21:37:32.541 [main] INFO guru.nidi.graphviz.engine.GraphvizCmdLineEngine -- output file:///tmp/GraphvizJava/DotEngine2366015542209732442/outfile.svg
21:37:32.559 [main] INFO guru.nidi.graphviz.engine.GraphvizCmdLineEngine -- input  file:///tmp/GraphvizJava/DotEngine3006241475902793132/dotfile.dot
21:37:32.559 [main] INFO guru.nidi.graphviz.service.CommandLineExecutor -- executing command [/bin/sh, -c, dot -Kdot -Tsvg  /tmp/GraphvizJava/DotEngine3006241475902793132/dotfile.dot -ooutfile.svg]
21:37:32.660 [main] INFO guru.nidi.graphviz.engine.GraphvizCmdLineEngine -- output file:///tmp/GraphvizJava/DotEngine3006241475902793132/outfile.svg
21:37:32.683 [main] INFO guru.nidi.graphviz.engine.GraphvizCmdLineEngine -- input  file:///tmp/GraphvizJava/DotEngine16103917247785737190/dotfile.dot
21:37:32.683 [main] INFO guru.nidi.graphviz.service.CommandLineExecutor -- executing command [/bin/sh, -c, dot -Kdot -Tsvg  /tmp/GraphvizJava/DotEngine16103917247785737190/dotfile.dot -ooutfile.svg]
21:37:32.734 [main] INFO guru.nidi.graphviz.engine.GraphvizCmdLineEngine -- output file:///tmp/GraphvizJava/DotEngine16103917247785737190/outfile.svg
21:37:32.742 [main] INFO guru.nidi.graphviz.engine.GraphvizCmdLineEngine -- input  file:///tmp/GraphvizJava/DotEngine16429918074856438256/dotfile.dot
21:37:32.742 [main] INFO guru.nidi.graphviz.service.CommandLineExecutor -- executing command [/bin/sh, -c, dot -Kdot -Tsvg  /tmp/GraphvizJava/DotEngine16429918074856438256/dotfile.dot -ooutfile.svg]
21:37:32.842 [main] INFO guru.nidi.graphviz.engine.GraphvizCmdLineEngine -- output file:///tmp/GraphvizJava/DotEngine16429918074856438256/outfile.svg
21:37:32.853 [main] INFO guru.nidi.graphviz.engine.GraphvizCmdLineEngine -- input  file:///tmp/GraphvizJava/DotEngine10677730254694690454/dotfile.dot
21:37:32.853 [main] INFO guru.nidi.graphviz.service.CommandLineExecutor -- executing command [/bin/sh, -c, dot -Kdot -Tsvg  /tmp/GraphvizJava/DotEngine10677730254694690454/dotfile.dot -ooutfile.svg]
21:37:32.953 [main] INFO guru.nidi.graphviz.engine.GraphvizCmdLineEngine -- output file:///tmp/GraphvizJava/DotEngine10677730254694690454/outfile.svg
21:37:32.962 [main] INFO guru.nidi.graphviz.engine.GraphvizCmdLineEngine -- input  file:///tmp/GraphvizJava/DotEngine4070995194021030463/dotfile.dot
21:37:32.962 [main] INFO guru.nidi.graphviz.service.CommandLineExecutor -- executing command [/bin/sh, -c, dot -Kdot -Tsvg  /tmp/GraphvizJava/DotEngine4070995194021030463/dotfile.dot -ooutfile.svg]
21:37:33.062 [main] INFO guru.nidi.graphviz.engine.GraphvizCmdLineEngine -- output file:///tmp/GraphvizJava/DotEngine4070995194021030463/outfile.svg
21:37:33.073 [main] INFO guru.nidi.graphviz.engine.GraphvizCmdLineEngine -- input  file:///tmp/GraphvizJava/DotEngine11131212099042464366/dotfile.dot
21:37:33.074 [main] INFO guru.nidi.graphviz.service.CommandLineExecutor -- executing command [/bin/sh, -c, dot -Kdot -Tsvg  /tmp/GraphvizJava/DotEngine11131212099042464366/dotfile.dot -ooutfile.svg]
21:37:33.124 [main] INFO guru.nidi.graphviz.engine.GraphvizCmdLineEngine -- output file:///tmp/GraphvizJava/DotEngine11131212099042464366/outfile.svg
21:37:33.143 [main] INFO guru.nidi.graphviz.engine.GraphvizCmdLineEngine -- input  file:///tmp/GraphvizJava/DotEngine12665226566154559163/dotfile.dot
21:37:33.144 [main] INFO guru.nidi.graphviz.service.CommandLineExecutor -- executing command [/bin/sh, -c, dot -Kdot -Tsvg  /tmp/GraphvizJava/DotEngine12665226566154559163/dotfile.dot -ooutfile.svg]
21:37:33.194 [main] INFO guru.nidi.graphviz.engine.GraphvizCmdLineEngine -- output file:///tmp/GraphvizJava/DotEngine12665226566154559163/outfile.svg
21:37:33.205 [main] INFO guru.nidi.graphviz.engine.GraphvizCmdLineEngine -- input  file:///tmp/GraphvizJava/DotEngine9328094364981413844/dotfile.dot
21:37:33.205 [main] INFO guru.nidi.graphviz.service.CommandLineExecutor -- executing command [/bin/sh, -c, dot -Kdot -Tsvg  /tmp/GraphvizJava/DotEngine9328094364981413844/dotfile.dot -ooutfile.svg]
21:37:33.256 [main] INFO guru.nidi.graphviz.engine.GraphvizCmdLineEngine -- output file:///tmp/GraphvizJava/DotEngine9328094364981413844/outfile.svg
21:37:33.269 [main] INFO guru.nidi.graphviz.engine.GraphvizCmdLineEngine -- input  file:///tmp/GraphvizJava/DotEngine4902901826834615336/dotfile.dot
21:37:33.269 [main] INFO guru.nidi.graphviz.service.CommandLineExecutor -- executing command [/bin/sh, -c, dot -Kdot -Tsvg  /tmp/GraphvizJava/DotEngine4902901826834615336/dotfile.dot -ooutfile.svg]
21:37:33.370 [main] INFO guru.nidi.graphviz.engine.GraphvizCmdLineEngine -- output file:///tmp/GraphvizJava/DotEngine4902901826834615336/outfile.svg
21:37:33.383 [main] INFO guru.nidi.graphviz.engine.GraphvizCmdLineEngine -- input  file:///tmp/GraphvizJava/DotEngine5419030459680337085/dotfile.dot
21:37:33.384 [main] INFO guru.nidi.graphviz.service.CommandLineExecutor -- executing command [/bin/sh, -c, dot -Kdot -Tsvg  /tmp/GraphvizJava/DotEngine5419030459680337085/dotfile.dot -ooutfile.svg]
21:37:33.485 [main] INFO guru.nidi.graphviz.engine.GraphvizCmdLineEngine -- output file:///tmp/GraphvizJava/DotEngine5419030459680337085/outfile.svg
21:37:33.507 [main] INFO guru.nidi.graphviz.engine.GraphvizCmdLineEngine -- input  file:///tmp/GraphvizJava/DotEngine12869851171396615868/dotfile.dot
21:37:33.507 [main] INFO guru.nidi.graphviz.service.CommandLineExecutor -- executing command [/bin/sh, -c, dot -Kdot -Tsvg  /tmp/GraphvizJava/DotEngine12869851171396615868/dotfile.dot -ooutfile.svg]
21:37:33.608 [main] INFO guru.nidi.graphviz.engine.GraphvizCmdLineEngine -- output file:///tmp/GraphvizJava/DotEngine12869851171396615868/outfile.svg
21:37:33.614 [main] INFO guru.nidi.graphviz.engine.GraphvizCmdLineEngine -- input  file:///tmp/GraphvizJava/DotEngine466790658694575242/dotfile.dot
21:37:33.614 [main] INFO guru.nidi.graphviz.service.CommandLineExecutor -- executing command [/bin/sh, -c, dot -Kdot -Tsvg  /tmp/GraphvizJava/DotEngine466790658694575242/dotfile.dot -ooutfile.svg]
21:37:33.715 [main] INFO guru.nidi.graphviz.engine.GraphvizCmdLineEngine -- output file:///tmp/GraphvizJava/DotEngine466790658694575242/outfile.svg
21:37:33.723 [main] INFO guru.nidi.graphviz.engine.GraphvizCmdLineEngine -- input  file:///tmp/GraphvizJava/DotEngine4126994671175494221/dotfile.dot
21:37:33.723 [main] INFO guru.nidi.graphviz.service.CommandLineExecutor -- executing command [/bin/sh, -c, dot -Kdot -Tsvg  /tmp/GraphvizJava/DotEngine4126994671175494221/dotfile.dot -ooutfile.svg]
21:37:33.774 [main] INFO guru.nidi.graphviz.engine.GraphvizCmdLineEngine -- output file:///tmp/GraphvizJava/DotEngine4126994671175494221/outfile.svg
21:37:33.781 [main] INFO guru.nidi.graphviz.engine.GraphvizCmdLineEngine -- input  file:///tmp/GraphvizJava/DotEngine9525282218176589816/dotfile.dot
21:37:33.782 [main] INFO guru.nidi.graphviz.service.CommandLineExecutor -- executing command [/bin/sh, -c, dot -Kdot -Tsvg  /tmp/GraphvizJava/DotEngine9525282218176589816/dotfile.dot -ooutfile.svg]
21:37:33.832 [main] INFO guru.nidi.graphviz.engine.GraphvizCmdLineEngine -- output file:///tmp/GraphvizJava/DotEngine9525282218176589816/outfile.svg
21:37:33.839 [main] INFO guru.nidi.graphviz.engine.GraphvizCmdLineEngine -- input  file:///tmp/GraphvizJava/DotEngine4312881841768990040/dotfile.dot
21:37:33.839 [main] INFO guru.nidi.graphviz.service.CommandLineExecutor -- executing command [/bin/sh, -c, dot -Kdot -Tsvg  /tmp/GraphvizJava/DotEngine4312881841768990040/dotfile.dot -ooutfile.svg]
21:37:33.889 [main] INFO guru.nidi.graphviz.engine.GraphvizCmdLineEngine -- output file:///tmp/GraphvizJava/DotEngine4312881841768990040/outfile.svg
21:37:33.904 [main] INFO guru.nidi.graphviz.engine.GraphvizCmdLineEngine -- input  file:///tmp/GraphvizJava/DotEngine2051866147997019331/dotfile.dot
21:37:33.904 [main] INFO guru.nidi.graphviz.service.CommandLineExecutor -- executing command [/bin/sh, -c, dot -Kdot -Tsvg  /tmp/GraphvizJava/DotEngine2051866147997019331/dotfile.dot -ooutfile.svg]
21:37:34.004 [main] INFO guru.nidi.graphviz.engine.GraphvizCmdLineEngine -- output file:///tmp/GraphvizJava/DotEngine2051866147997019331/outfile.svg
21:37:34.025 [main] INFO guru.nidi.graphviz.engine.GraphvizCmdLineEngine -- input  file:///tmp/GraphvizJava/DotEngine2238384318409446198/dotfile.dot
21:37:34.025 [main] INFO guru.nidi.graphviz.service.CommandLineExecutor -- executing command [/bin/sh, -c, dot -Kdot -Tsvg  /tmp/GraphvizJava/DotEngine2238384318409446198/dotfile.dot -ooutfile.svg]
21:37:34.075 [main] INFO guru.nidi.graphviz.engine.GraphvizCmdLineEngine -- output file:///tmp/GraphvizJava/DotEngine2238384318409446198/outfile.svg
21:37:34.087 [main] INFO guru.nidi.graphviz.engine.GraphvizCmdLineEngine -- input  file:///tmp/GraphvizJava/DotEngine12816246165550312104/dotfile.dot
21:37:34.087 [main] INFO guru.nidi.graphviz.service.CommandLineExecutor -- executing command [/bin/sh, -c, dot -Kdot -Tsvg  /tmp/GraphvizJava/DotEngine12816246165550312104/dotfile.dot -ooutfile.svg]
21:37:34.188 [main] INFO guru.nidi.graphviz.engine.GraphvizCmdLineEngine -- output file:///tmp/GraphvizJava/DotEngine12816246165550312104/outfile.svg
21:37:34.194 [main] INFO guru.nidi.graphviz.engine.GraphvizCmdLineEngine -- input  file:///tmp/GraphvizJava/DotEngine5667826198653948224/dotfile.dot
21:37:34.194 [main] INFO guru.nidi.graphviz.service.CommandLineExecutor -- executing command [/bin/sh, -c, dot -Kdot -Tsvg  /tmp/GraphvizJava/DotEngine5667826198653948224/dotfile.dot -ooutfile.svg]
21:37:34.245 [main] INFO guru.nidi.graphviz.engine.GraphvizCmdLineEngine -- output file:///tmp/GraphvizJava/DotEngine5667826198653948224/outfile.svg
21:37:34.251 [main] INFO guru.nidi.graphviz.engine.GraphvizCmdLineEngine -- input  file:///tmp/GraphvizJava/DotEngine4848061532094962456/dotfile.dot
21:37:34.251 [main] INFO guru.nidi.graphviz.service.CommandLineExecutor -- executing command [/bin/sh, -c, dot -Kdot -Tsvg  /tmp/GraphvizJava/DotEngine4848061532094962456/dotfile.dot -ooutfile.svg]
21:37:34.301 [main] INFO guru.nidi.graphviz.engine.GraphvizCmdLineEngine -- output file:///tmp/GraphvizJava/DotEngine4848061532094962456/outfile.svg
21:37:34.334 [main] INFO guru.nidi.graphviz.engine.GraphvizCmdLineEngine -- input  file:///tmp/GraphvizJava/DotEngine18123024328545087330/dotfile.dot
21:37:34.335 [main] INFO guru.nidi.graphviz.service.CommandLineExecutor -- executing command [/bin/sh, -c, dot -Kdot -Tsvg  /tmp/GraphvizJava/DotEngine18123024328545087330/dotfile.dot -ooutfile.svg]
21:37:34.436 [main] INFO guru.nidi.graphviz.engine.GraphvizCmdLineEngine -- output file:///tmp/GraphvizJava/DotEngine18123024328545087330/outfile.svg
21:37:34.446 [main] INFO guru.nidi.graphviz.engine.GraphvizCmdLineEngine -- input  file:///tmp/GraphvizJava/DotEngine3137768014008369472/dotfile.dot
21:37:34.446 [main] INFO guru.nidi.graphviz.service.CommandLineExecutor -- executing command [/bin/sh, -c, dot -Kdot -Tsvg  /tmp/GraphvizJava/DotEngine3137768014008369472/dotfile.dot -ooutfile.svg]
21:37:35.699 [main] WARN com.bica.web.service.AnalysisService -- Failed to pre-render benchmark Ribosome Translation: failed at node 13[1]
dot: maze.c:313: chkSgraph: Assertion `np->cells[1]' failed.
Aborted (core dumped)

21:37:35.708 [main] INFO guru.nidi.graphviz.engine.GraphvizCmdLineEngine -- input  file:///tmp/GraphvizJava/DotEngine9851965389352034821/dotfile.dot
21:37:35.709 [main] INFO guru.nidi.graphviz.service.CommandLineExecutor -- executing command [/bin/sh, -c, dot -Kdot -Tsvg  /tmp/GraphvizJava/DotEngine9851965389352034821/dotfile.dot -ooutfile.svg]
21:37:35.809 [main] INFO guru.nidi.graphviz.engine.GraphvizCmdLineEngine -- output file:///tmp/GraphvizJava/DotEngine9851965389352034821/outfile.svg
21:37:35.822 [main] INFO guru.nidi.graphviz.engine.GraphvizCmdLineEngine -- input  file:///tmp/GraphvizJava/DotEngine13797488819805691930/dotfile.dot
21:37:35.822 [main] INFO guru.nidi.graphviz.service.CommandLineExecutor -- executing command [/bin/sh, -c, dot -Kdot -Tsvg  /tmp/GraphvizJava/DotEngine13797488819805691930/dotfile.dot -ooutfile.svg]
21:37:35.923 [main] INFO guru.nidi.graphviz.engine.GraphvizCmdLineEngine -- output file:///tmp/GraphvizJava/DotEngine13797488819805691930/outfile.svg
21:37:35.934 [main] INFO guru.nidi.graphviz.engine.GraphvizCmdLineEngine -- input  file:///tmp/GraphvizJava/DotEngine10701193482934912103/dotfile.dot
21:37:35.935 [main] INFO guru.nidi.graphviz.service.CommandLineExecutor -- executing command [/bin/sh, -c, dot -Kdot -Tsvg  /tmp/GraphvizJava/DotEngine10701193482934912103/dotfile.dot -ooutfile.svg]
21:37:35.985 [main] INFO guru.nidi.graphviz.engine.GraphvizCmdLineEngine -- output file:///tmp/GraphvizJava/DotEngine10701193482934912103/outfile.svg
21:37:35.992 [main] INFO guru.nidi.graphviz.engine.GraphvizCmdLineEngine -- input  file:///tmp/GraphvizJava/DotEngine2001667547567221404/dotfile.dot
21:37:35.993 [main] INFO guru.nidi.graphviz.service.CommandLineExecutor -- executing command [/bin/sh, -c, dot -Kdot -Tsvg  /tmp/GraphvizJava/DotEngine2001667547567221404/dotfile.dot -ooutfile.svg]
21:37:36.043 [main] INFO guru.nidi.graphviz.engine.GraphvizCmdLineEngine -- output file:///tmp/GraphvizJava/DotEngine2001667547567221404/outfile.svg
21:37:36.050 [main] INFO guru.nidi.graphviz.engine.GraphvizCmdLineEngine -- input  file:///tmp/GraphvizJava/DotEngine10869945185776388380/dotfile.dot
21:37:36.050 [main] INFO guru.nidi.graphviz.service.CommandLineExecutor -- executing command [/bin/sh, -c, dot -Kdot -Tsvg  /tmp/GraphvizJava/DotEngine10869945185776388380/dotfile.dot -ooutfile.svg]
21:37:36.150 [main] INFO guru.nidi.graphviz.engine.GraphvizCmdLineEngine -- output file:///tmp/GraphvizJava/DotEngine10869945185776388380/outfile.svg
21:37:36.160 [main] INFO guru.nidi.graphviz.engine.GraphvizCmdLineEngine -- input  file:///tmp/GraphvizJava/DotEngine2684786364484860093/dotfile.dot
21:37:36.160 [main] INFO guru.nidi.graphviz.service.CommandLineExecutor -- executing command [/bin/sh, -c, dot -Kdot -Tsvg  /tmp/GraphvizJava/DotEngine2684786364484860093/dotfile.dot -ooutfile.svg]
21:37:36.210 [main] INFO guru.nidi.graphviz.engine.GraphvizCmdLineEngine -- output file:///tmp/GraphvizJava/DotEngine2684786364484860093/outfile.svg
21:37:36.216 [main] INFO guru.nidi.graphviz.engine.GraphvizCmdLineEngine -- input  file:///tmp/GraphvizJava/DotEngine7742995337396020572/dotfile.dot
21:37:36.216 [main] INFO guru.nidi.graphviz.service.CommandLineExecutor -- executing command [/bin/sh, -c, dot -Kdot -Tsvg  /tmp/GraphvizJava/DotEngine7742995337396020572/dotfile.dot -ooutfile.svg]
21:37:36.266 [main] INFO guru.nidi.graphviz.engine.GraphvizCmdLineEngine -- output file:///tmp/GraphvizJava/DotEngine7742995337396020572/outfile.svg
21:37:36.273 [main] INFO guru.nidi.graphviz.engine.GraphvizCmdLineEngine -- input  file:///tmp/GraphvizJava/DotEngine17185813694008546136/dotfile.dot
21:37:36.273 [main] INFO guru.nidi.graphviz.service.CommandLineExecutor -- executing command [/bin/sh, -c, dot -Kdot -Tsvg  /tmp/GraphvizJava/DotEngine17185813694008546136/dotfile.dot -ooutfile.svg]
21:37:36.374 [main] INFO guru.nidi.graphviz.engine.GraphvizCmdLineEngine -- output file:///tmp/GraphvizJava/DotEngine17185813694008546136/outfile.svg
21:37:36.381 [main] INFO guru.nidi.graphviz.engine.GraphvizCmdLineEngine -- input  file:///tmp/GraphvizJava/DotEngine8296870272685934077/dotfile.dot
21:37:36.381 [main] INFO guru.nidi.graphviz.service.CommandLineExecutor -- executing command [/bin/sh, -c, dot -Kdot -Tsvg  /tmp/GraphvizJava/DotEngine8296870272685934077/dotfile.dot -ooutfile.svg]
21:37:36.482 [main] INFO guru.nidi.graphviz.engine.GraphvizCmdLineEngine -- output file:///tmp/GraphvizJava/DotEngine8296870272685934077/outfile.svg
21:37:36.492 [main] INFO guru.nidi.graphviz.engine.GraphvizCmdLineEngine -- input  file:///tmp/GraphvizJava/DotEngine11267407639473367955/dotfile.dot
21:37:36.492 [main] INFO guru.nidi.graphviz.service.CommandLineExecutor -- executing command [/bin/sh, -c, dot -Kdot -Tsvg  /tmp/GraphvizJava/DotEngine11267407639473367955/dotfile.dot -ooutfile.svg]
21:37:36.543 [main] INFO guru.nidi.graphviz.engine.GraphvizCmdLineEngine -- output file:///tmp/GraphvizJava/DotEngine11267407639473367955/outfile.svg
21:37:36.550 [main] INFO guru.nidi.graphviz.engine.GraphvizCmdLineEngine -- input  file:///tmp/GraphvizJava/DotEngine4189566197878247599/dotfile.dot
21:37:36.550 [main] INFO guru.nidi.graphviz.service.CommandLineExecutor -- executing command [/bin/sh, -c, dot -Kdot -Tsvg  /tmp/GraphvizJava/DotEngine4189566197878247599/dotfile.dot -ooutfile.svg]
21:37:36.601 [main] INFO guru.nidi.graphviz.engine.GraphvizCmdLineEngine -- output file:///tmp/GraphvizJava/DotEngine4189566197878247599/outfile.svg
21:37:36.608 [main] INFO guru.nidi.graphviz.engine.GraphvizCmdLineEngine -- input  file:///tmp/GraphvizJava/DotEngine17024620597018628211/dotfile.dot
21:37:36.608 [main] INFO guru.nidi.graphviz.service.CommandLineExecutor -- executing command [/bin/sh, -c, dot -Kdot -Tsvg  /tmp/GraphvizJava/DotEngine17024620597018628211/dotfile.dot -ooutfile.svg]
21:37:36.658 [main] INFO guru.nidi.graphviz.engine.GraphvizCmdLineEngine -- output file:///tmp/GraphvizJava/DotEngine17024620597018628211/outfile.svg
21:37:36.668 [main] INFO guru.nidi.graphviz.engine.GraphvizCmdLineEngine -- input  file:///tmp/GraphvizJava/DotEngine13993984076617574399/dotfile.dot
21:37:36.668 [main] INFO guru.nidi.graphviz.service.CommandLineExecutor -- executing command [/bin/sh, -c, dot -Kdot -Tsvg  /tmp/GraphvizJava/DotEngine13993984076617574399/dotfile.dot -ooutfile.svg]
21:37:36.718 [main] INFO guru.nidi.graphviz.engine.GraphvizCmdLineEngine -- output file:///tmp/GraphvizJava/DotEngine13993984076617574399/outfile.svg
21:37:36.725 [main] INFO guru.nidi.graphviz.engine.GraphvizCmdLineEngine -- input  file:///tmp/GraphvizJava/DotEngine7723932190606175893/dotfile.dot
21:37:36.725 [main] INFO guru.nidi.graphviz.service.CommandLineExecutor -- executing command [/bin/sh, -c, dot -Kdot -Tsvg  /tmp/GraphvizJava/DotEngine7723932190606175893/dotfile.dot -ooutfile.svg]
21:37:36.826 [main] INFO guru.nidi.graphviz.engine.GraphvizCmdLineEngine -- output file:///tmp/GraphvizJava/DotEngine7723932190606175893/outfile.svg
21:37:36.836 [main] INFO guru.nidi.graphviz.engine.GraphvizCmdLineEngine -- input  file:///tmp/GraphvizJava/DotEngine13856557815126522706/dotfile.dot
21:37:36.837 [main] INFO guru.nidi.graphviz.service.CommandLineExecutor -- executing command [/bin/sh, -c, dot -Kdot -Tsvg  /tmp/GraphvizJava/DotEngine13856557815126522706/dotfile.dot -ooutfile.svg]
21:37:36.938 [main] INFO guru.nidi.graphviz.engine.GraphvizCmdLineEngine -- output file:///tmp/GraphvizJava/DotEngine13856557815126522706/outfile.svg
21:37:36.940 [main] INFO com.bica.web.service.AnalysisService -- Cached 55 benchmark results.
]]></system-out>
  </testcase>
  <testcase name="analyzeParallelEnrichedFields" classname="com.bica.web.service.AnalysisServiceTest" time="0.068">
    <system-out><![CDATA[21:37:36.965 [main] INFO guru.nidi.graphviz.engine.GraphvizCmdLineEngine -- input  file:///tmp/GraphvizJava/DotEngine12737125461015375938/dotfile.dot
21:37:36.966 [main] INFO guru.nidi.graphviz.service.CommandLineExecutor -- executing command [/bin/sh, -c, dot -Kdot -Tsvg  /tmp/GraphvizJava/DotEngine12737125461015375938/dotfile.dot -ooutfile.svg]
21:37:37.017 [main] INFO guru.nidi.graphviz.engine.GraphvizCmdLineEngine -- output file:///tmp/GraphvizJava/DotEngine12737125461015375938/outfile.svg
]]></system-out>
  </testcase>
  <testcase name="analyzeEndHasNoParallelNoRecursion" classname="com.bica.web.service.AnalysisServiceTest" time="0.059">
    <system-out><![CDATA[21:37:37.026 [main] INFO guru.nidi.graphviz.engine.GraphvizCmdLineEngine -- input  file:///tmp/GraphvizJava/DotEngine1812441111765852470/dotfile.dot
21:37:37.026 [main] INFO guru.nidi.graphviz.service.CommandLineExecutor -- executing command [/bin/sh, -c, dot -Kdot -Tsvg  /tmp/GraphvizJava/DotEngine1812441111765852470/dotfile.dot -ooutfile.svg]
21:37:37.077 [main] INFO guru.nidi.graphviz.engine.GraphvizCmdLineEngine -- output file:///tmp/GraphvizJava/DotEngine1812441111765852470/outfile.svg
]]></system-out>
  </testcase>
  <testcase name="benchmarkEnrichedFields" classname="com.bica.web.service.AnalysisServiceTest" time="6.57">
    <system-out><![CDATA[21:37:37.080 [main] INFO com.bica.web.service.AnalysisService -- Pre-rendering 56 benchmarks...
21:37:37.086 [main] INFO guru.nidi.graphviz.engine.GraphvizCmdLineEngine -- input  file:///tmp/GraphvizJava/DotEngine16009841304359414256/dotfile.dot
21:37:37.086 [main] INFO guru.nidi.graphviz.service.CommandLineExecutor -- executing command [/bin/sh, -c, dot -Kdot -Tsvg  /tmp/GraphvizJava/DotEngine16009841304359414256/dotfile.dot -ooutfile.svg]
21:37:37.187 [main] INFO guru.nidi.graphviz.engine.GraphvizCmdLineEngine -- output file:///tmp/GraphvizJava/DotEngine16009841304359414256/outfile.svg
21:37:37.196 [main] INFO guru.nidi.graphviz.engine.GraphvizCmdLineEngine -- input  file:///tmp/GraphvizJava/DotEngine4558166283165081564/dotfile.dot
21:37:37.196 [main] INFO guru.nidi.graphviz.service.CommandLineExecutor -- executing command [/bin/sh, -c, dot -Kdot -Tsvg  /tmp/GraphvizJava/DotEngine4558166283165081564/dotfile.dot -ooutfile.svg]
21:37:37.297 [main] INFO guru.nidi.graphviz.engine.GraphvizCmdLineEngine -- output file:///tmp/GraphvizJava/DotEngine4558166283165081564/outfile.svg
21:37:37.307 [main] INFO guru.nidi.graphviz.engine.GraphvizCmdLineEngine -- input  file:///tmp/GraphvizJava/DotEngine10574824474232355654/dotfile.dot
21:37:37.307 [main] INFO guru.nidi.graphviz.service.CommandLineExecutor -- executing command [/bin/sh, -c, dot -Kdot -Tsvg  /tmp/GraphvizJava/DotEngine10574824474232355654/dotfile.dot -ooutfile.svg]
21:37:37.357 [main] INFO guru.nidi.graphviz.engine.GraphvizCmdLineEngine -- output file:///tmp/GraphvizJava/DotEngine10574824474232355654/outfile.svg
21:37:37.364 [main] INFO guru.nidi.graphviz.engine.GraphvizCmdLineEngine -- input  file:///tmp/GraphvizJava/DotEngine1031197325942649848/dotfile.dot
21:37:37.365 [main] INFO guru.nidi.graphviz.service.CommandLineExecutor -- executing command [/bin/sh, -c, dot -Kdot -Tsvg  /tmp/GraphvizJava/DotEngine1031197325942649848/dotfile.dot -ooutfile.svg]
21:37:37.465 [main] INFO guru.nidi.graphviz.engine.GraphvizCmdLineEngine -- output file:///tmp/GraphvizJava/DotEngine1031197325942649848/outfile.svg
21:37:37.473 [main] INFO guru.nidi.graphviz.engine.GraphvizCmdLineEngine -- input  file:///tmp/GraphvizJava/DotEngine180926935305679848/dotfile.dot
21:37:37.474 [main] INFO guru.nidi.graphviz.service.CommandLineExecutor -- executing command [/bin/sh, -c, dot -Kdot -Tsvg  /tmp/GraphvizJava/DotEngine180926935305679848/dotfile.dot -ooutfile.svg]
21:37:37.524 [main] INFO guru.nidi.graphviz.engine.GraphvizCmdLineEngine -- output file:///tmp/GraphvizJava/DotEngine180926935305679848/outfile.svg
21:37:37.530 [main] INFO guru.nidi.graphviz.engine.GraphvizCmdLineEngine -- input  file:///tmp/GraphvizJava/DotEngine4222336275586826679/dotfile.dot
21:37:37.530 [main] INFO guru.nidi.graphviz.service.CommandLineExecutor -- executing command [/bin/sh, -c, dot -Kdot -Tsvg  /tmp/GraphvizJava/DotEngine4222336275586826679/dotfile.dot -ooutfile.svg]
21:37:37.581 [main] INFO guru.nidi.graphviz.engine.GraphvizCmdLineEngine -- output file:///tmp/GraphvizJava/DotEngine4222336275586826679/outfile.svg
21:37:37.591 [main] INFO guru.nidi.graphviz.engine.GraphvizCmdLineEngine -- input  file:///tmp/GraphvizJava/DotEngine17944637791866082851/dotfile.dot
21:37:37.591 [main] INFO guru.nidi.graphviz.service.CommandLineExecutor -- executing command [/bin/sh, -c, dot -Kdot -Tsvg  /tmp/GraphvizJava/DotEngine17944637791866082851/dotfile.dot -ooutfile.svg]
21:37:37.642 [main] INFO guru.nidi.graphviz.engine.GraphvizCmdLineEngine -- output file:///tmp/GraphvizJava/DotEngine17944637791866082851/outfile.svg
21:37:37.648 [main] INFO guru.nidi.graphviz.engine.GraphvizCmdLineEngine -- input  file:///tmp/GraphvizJava/DotEngine7133910248448134844/dotfile.dot
21:37:37.648 [main] INFO guru.nidi.graphviz.service.CommandLineExecutor -- executing command [/bin/sh, -c, dot -Kdot -Tsvg  /tmp/GraphvizJava/DotEngine7133910248448134844/dotfile.dot -ooutfile.svg]
21:37:37.698 [main] INFO guru.nidi.graphviz.engine.GraphvizCmdLineEngine -- output file:///tmp/GraphvizJava/DotEngine7133910248448134844/outfile.svg
21:37:37.704 [main] INFO guru.nidi.graphviz.engine.GraphvizCmdLineEngine -- input  file:///tmp/GraphvizJava/DotEngine12858061569487607223/dotfile.dot
21:37:37.704 [main] INFO guru.nidi.graphviz.service.CommandLineExecutor -- executing command [/bin/sh, -c, dot -Kdot -Tsvg  /tmp/GraphvizJava/DotEngine12858061569487607223/dotfile.dot -ooutfile.svg]
21:37:37.805 [main] INFO guru.nidi.graphviz.engine.GraphvizCmdLineEngine -- output file:///tmp/GraphvizJava/DotEngine12858061569487607223/outfile.svg
21:37:37.814 [main] INFO guru.nidi.graphviz.engine.GraphvizCmdLineEngine -- input  file:///tmp/GraphvizJava/DotEngine32582117202970364/dotfile.dot
21:37:37.815 [main] INFO guru.nidi.graphviz.service.CommandLineExecutor -- executing command [/bin/sh, -c, dot -Kdot -Tsvg  /tmp/GraphvizJava/DotEngine32582117202970364/dotfile.dot -ooutfile.svg]
21:37:37.865 [main] INFO guru.nidi.graphviz.engine.GraphvizCmdLineEngine -- output file:///tmp/GraphvizJava/DotEngine32582117202970364/outfile.svg
21:37:37.871 [main] INFO guru.nidi.graphviz.engine.GraphvizCmdLineEngine -- input  file:///tmp/GraphvizJava/DotEngine9961026085877811932/dotfile.dot
21:37:37.871 [main] INFO guru.nidi.graphviz.service.CommandLineExecutor -- executing command [/bin/sh, -c, dot -Kdot -Tsvg  /tmp/GraphvizJava/DotEngine9961026085877811932/dotfile.dot -ooutfile.svg]
21:37:37.971 [main] INFO guru.nidi.graphviz.engine.GraphvizCmdLineEngine -- output file:///tmp/GraphvizJava/DotEngine9961026085877811932/outfile.svg
21:37:37.977 [main] INFO guru.nidi.graphviz.engine.GraphvizCmdLineEngine -- input  file:///tmp/GraphvizJava/DotEngine3385730132760464101/dotfile.dot
21:37:37.977 [main] INFO guru.nidi.graphviz.service.CommandLineExecutor -- executing command [/bin/sh, -c, dot -Kdot -Tsvg  /tmp/GraphvizJava/DotEngine3385730132760464101/dotfile.dot -ooutfile.svg]
21:37:38.077 [main] INFO guru.nidi.graphviz.engine.GraphvizCmdLineEngine -- output file:///tmp/GraphvizJava/DotEngine3385730132760464101/outfile.svg
21:37:38.099 [main] INFO guru.nidi.graphviz.engine.GraphvizCmdLineEngine -- input  file:///tmp/GraphvizJava/DotEngine3635842657829927580/dotfile.dot
21:37:38.099 [main] INFO guru.nidi.graphviz.service.CommandLineExecutor -- executing command [/bin/sh, -c, dot -Kdot -Tsvg  /tmp/GraphvizJava/DotEngine3635842657829927580/dotfile.dot -ooutfile.svg]
21:37:38.200 [main] INFO guru.nidi.graphviz.engine.GraphvizCmdLineEngine -- output file:///tmp/GraphvizJava/DotEngine3635842657829927580/outfile.svg
21:37:38.205 [main] INFO guru.nidi.graphviz.engine.GraphvizCmdLineEngine -- input  file:///tmp/GraphvizJava/DotEngine10588914689537291295/dotfile.dot
21:37:38.206 [main] INFO guru.nidi.graphviz.service.CommandLineExecutor -- executing command [/bin/sh, -c, dot -Kdot -Tsvg  /tmp/GraphvizJava/DotEngine10588914689537291295/dotfile.dot -ooutfile.svg]
21:37:38.306 [main] INFO guru.nidi.graphviz.engine.GraphvizCmdLineEngine -- output file:///tmp/GraphvizJava/DotEngine10588914689537291295/outfile.svg
21:37:38.317 [main] INFO guru.nidi.graphviz.engine.GraphvizCmdLineEngine -- input  file:///tmp/GraphvizJava/DotEngine8514288378538039965/dotfile.dot
21:37:38.317 [main] INFO guru.nidi.graphviz.service.CommandLineExecutor -- executing command [/bin/sh, -c, dot -Kdot -Tsvg  /tmp/GraphvizJava/DotEngine8514288378538039965/dotfile.dot -ooutfile.svg]
21:37:38.418 [main] INFO guru.nidi.graphviz.engine.GraphvizCmdLineEngine -- output file:///tmp/GraphvizJava/DotEngine8514288378538039965/outfile.svg
21:37:38.428 [main] INFO guru.nidi.graphviz.engine.GraphvizCmdLineEngine -- input  file:///tmp/GraphvizJava/DotEngine11892413823263825136/dotfile.dot
21:37:38.428 [main] INFO guru.nidi.graphviz.service.CommandLineExecutor -- executing command [/bin/sh, -c, dot -Kdot -Tsvg  /tmp/GraphvizJava/DotEngine11892413823263825136/dotfile.dot -ooutfile.svg]
21:37:38.529 [main] INFO guru.nidi.graphviz.engine.GraphvizCmdLineEngine -- output file:///tmp/GraphvizJava/DotEngine11892413823263825136/outfile.svg
21:37:38.535 [main] INFO guru.nidi.graphviz.engine.GraphvizCmdLineEngine -- input  file:///tmp/GraphvizJava/DotEngine1737478381059538332/dotfile.dot
21:37:38.535 [main] INFO guru.nidi.graphviz.service.CommandLineExecutor -- executing command [/bin/sh, -c, dot -Kdot -Tsvg  /tmp/GraphvizJava/DotEngine1737478381059538332/dotfile.dot -ooutfile.svg]
21:37:38.585 [main] INFO guru.nidi.graphviz.engine.GraphvizCmdLineEngine -- output file:///tmp/GraphvizJava/DotEngine1737478381059538332/outfile.svg
21:37:38.597 [main] INFO guru.nidi.graphviz.engine.GraphvizCmdLineEngine -- input  file:///tmp/GraphvizJava/DotEngine500212248908329889/dotfile.dot
21:37:38.597 [main] INFO guru.nidi.graphviz.service.CommandLineExecutor -- executing command [/bin/sh, -c, dot -Kdot -Tsvg  /tmp/GraphvizJava/DotEngine500212248908329889/dotfile.dot -ooutfile.svg]
21:37:38.698 [main] INFO guru.nidi.graphviz.engine.GraphvizCmdLineEngine -- output file:///tmp/GraphvizJava/DotEngine500212248908329889/outfile.svg
21:37:38.708 [main] INFO guru.nidi.graphviz.engine.GraphvizCmdLineEngine -- input  file:///tmp/GraphvizJava/DotEngine8263938741585685878/dotfile.dot
21:37:38.709 [main] INFO guru.nidi.graphviz.service.CommandLineExecutor -- executing command [/bin/sh, -c, dot -Kdot -Tsvg  /tmp/GraphvizJava/DotEngine8263938741585685878/dotfile.dot -ooutfile.svg]
21:37:38.759 [main] INFO guru.nidi.graphviz.engine.GraphvizCmdLineEngine -- output file:///tmp/GraphvizJava/DotEngine8263938741585685878/outfile.svg
21:37:38.773 [main] INFO guru.nidi.graphviz.engine.GraphvizCmdLineEngine -- input  file:///tmp/GraphvizJava/DotEngine18421697856085360329/dotfile.dot
21:37:38.773 [main] INFO guru.nidi.graphviz.service.CommandLineExecutor -- executing command [/bin/sh, -c, dot -Kdot -Tsvg  /tmp/GraphvizJava/DotEngine18421697856085360329/dotfile.dot -ooutfile.svg]
21:37:38.824 [main] INFO guru.nidi.graphviz.engine.GraphvizCmdLineEngine -- output file:///tmp/GraphvizJava/DotEngine18421697856085360329/outfile.svg
21:37:38.832 [main] INFO guru.nidi.graphviz.engine.GraphvizCmdLineEngine -- input  file:///tmp/GraphvizJava/DotEngine17035851171592610907/dotfile.dot
21:37:38.833 [main] INFO guru.nidi.graphviz.service.CommandLineExecutor -- executing command [/bin/sh, -c, dot -Kdot -Tsvg  /tmp/GraphvizJava/DotEngine17035851171592610907/dotfile.dot -ooutfile.svg]
21:37:38.933 [main] INFO guru.nidi.graphviz.engine.GraphvizCmdLineEngine -- output file:///tmp/GraphvizJava/DotEngine17035851171592610907/outfile.svg
21:37:38.947 [main] INFO guru.nidi.graphviz.engine.GraphvizCmdLineEngine -- input  file:///tmp/GraphvizJava/DotEngine3353068900240916627/dotfile.dot
21:37:38.948 [main] INFO guru.nidi.graphviz.service.CommandLineExecutor -- executing command [/bin/sh, -c, dot -Kdot -Tsvg  /tmp/GraphvizJava/DotEngine3353068900240916627/dotfile.dot -ooutfile.svg]
21:37:39.049 [main] INFO guru.nidi.graphviz.engine.GraphvizCmdLineEngine -- output file:///tmp/GraphvizJava/DotEngine3353068900240916627/outfile.svg
21:37:39.070 [main] INFO guru.nidi.graphviz.engine.GraphvizCmdLineEngine -- input  file:///tmp/GraphvizJava/DotEngine2776821765690494732/dotfile.dot
21:37:39.071 [main] INFO guru.nidi.graphviz.service.CommandLineExecutor -- executing command [/bin/sh, -c, dot -Kdot -Tsvg  /tmp/GraphvizJava/DotEngine2776821765690494732/dotfile.dot -ooutfile.svg]
21:37:39.172 [main] INFO guru.nidi.graphviz.engine.GraphvizCmdLineEngine -- output file:///tmp/GraphvizJava/DotEngine2776821765690494732/outfile.svg
21:37:39.183 [main] INFO guru.nidi.graphviz.engine.GraphvizCmdLineEngine -- input  file:///tmp/GraphvizJava/DotEngine385664105099827889/dotfile.dot
21:37:39.184 [main] INFO guru.nidi.graphviz.service.CommandLineExecutor -- executing command [/bin/sh, -c, dot -Kdot -Tsvg  /tmp/GraphvizJava/DotEngine385664105099827889/dotfile.dot -ooutfile.svg]
21:37:39.234 [main] INFO guru.nidi.graphviz.engine.GraphvizCmdLineEngine -- output file:///tmp/GraphvizJava/DotEngine385664105099827889/outfile.svg
21:37:39.239 [main] INFO guru.nidi.graphviz.engine.GraphvizCmdLineEngine -- input  file:///tmp/GraphvizJava/DotEngine16462436786377276279/dotfile.dot
21:37:39.239 [main] INFO guru.nidi.graphviz.service.CommandLineExecutor -- executing command [/bin/sh, -c, dot -Kdot -Tsvg  /tmp/GraphvizJava/DotEngine16462436786377276279/dotfile.dot -ooutfile.svg]
21:37:39.340 [main] INFO guru.nidi.graphviz.engine.GraphvizCmdLineEngine -- output file:///tmp/GraphvizJava/DotEngine16462436786377276279/outfile.svg
21:37:39.355 [main] INFO guru.nidi.graphviz.engine.GraphvizCmdLineEngine -- input  file:///tmp/GraphvizJava/DotEngine10791252884871418529/dotfile.dot
21:37:39.355 [main] INFO guru.nidi.graphviz.service.CommandLineExecutor -- executing command [/bin/sh, -c, dot -Kdot -Tsvg  /tmp/GraphvizJava/DotEngine10791252884871418529/dotfile.dot -ooutfile.svg]
21:37:39.456 [main] INFO guru.nidi.graphviz.engine.GraphvizCmdLineEngine -- output file:///tmp/GraphvizJava/DotEngine10791252884871418529/outfile.svg
21:37:39.472 [main] INFO guru.nidi.graphviz.engine.GraphvizCmdLineEngine -- input  file:///tmp/GraphvizJava/DotEngine6501182901830240578/dotfile.dot
21:37:39.472 [main] INFO guru.nidi.graphviz.service.CommandLineExecutor -- executing command [/bin/sh, -c, dot -Kdot -Tsvg  /tmp/GraphvizJava/DotEngine6501182901830240578/dotfile.dot -ooutfile.svg]
21:37:39.573 [main] INFO guru.nidi.graphviz.engine.GraphvizCmdLineEngine -- output file:///tmp/GraphvizJava/DotEngine6501182901830240578/outfile.svg
21:37:39.583 [main] INFO guru.nidi.graphviz.engine.GraphvizCmdLineEngine -- input  file:///tmp/GraphvizJava/DotEngine4130500959534071736/dotfile.dot
21:37:39.583 [main] INFO guru.nidi.graphviz.service.CommandLineExecutor -- executing command [/bin/sh, -c, dot -Kdot -Tsvg  /tmp/GraphvizJava/DotEngine4130500959534071736/dotfile.dot -ooutfile.svg]
21:37:39.634 [main] INFO guru.nidi.graphviz.engine.GraphvizCmdLineEngine -- output file:///tmp/GraphvizJava/DotEngine4130500959534071736/outfile.svg
21:37:39.639 [main] INFO guru.nidi.graphviz.engine.GraphvizCmdLineEngine -- input  file:///tmp/GraphvizJava/DotEngine17242661177517266272/dotfile.dot
21:37:39.639 [main] INFO guru.nidi.graphviz.service.CommandLineExecutor -- executing command [/bin/sh, -c, dot -Kdot -Tsvg  /tmp/GraphvizJava/DotEngine17242661177517266272/dotfile.dot -ooutfile.svg]
21:37:39.740 [main] INFO guru.nidi.graphviz.engine.GraphvizCmdLineEngine -- output file:///tmp/GraphvizJava/DotEngine17242661177517266272/outfile.svg
21:37:39.755 [main] INFO guru.nidi.graphviz.engine.GraphvizCmdLineEngine -- input  file:///tmp/GraphvizJava/DotEngine5853290936652631928/dotfile.dot
21:37:39.756 [main] INFO guru.nidi.graphviz.service.CommandLineExecutor -- executing command [/bin/sh, -c, dot -Kdot -Tsvg  /tmp/GraphvizJava/DotEngine5853290936652631928/dotfile.dot -ooutfile.svg]
21:37:39.856 [main] INFO guru.nidi.graphviz.engine.GraphvizCmdLineEngine -- output file:///tmp/GraphvizJava/DotEngine5853290936652631928/outfile.svg
21:37:39.865 [main] INFO guru.nidi.graphviz.engine.GraphvizCmdLineEngine -- input  file:///tmp/GraphvizJava/DotEngine16766238412943294306/dotfile.dot
21:37:39.865 [main] INFO guru.nidi.graphviz.service.CommandLineExecutor -- executing command [/bin/sh, -c, dot -Kdot -Tsvg  /tmp/GraphvizJava/DotEngine16766238412943294306/dotfile.dot -ooutfile.svg]
21:37:39.965 [main] INFO guru.nidi.graphviz.engine.GraphvizCmdLineEngine -- output file:///tmp/GraphvizJava/DotEngine16766238412943294306/outfile.svg
21:37:39.976 [main] INFO guru.nidi.graphviz.engine.GraphvizCmdLineEngine -- input  file:///tmp/GraphvizJava/DotEngine6975252743534530883/dotfile.dot
21:37:39.976 [main] INFO guru.nidi.graphviz.service.CommandLineExecutor -- executing command [/bin/sh, -c, dot -Kdot -Tsvg  /tmp/GraphvizJava/DotEngine6975252743534530883/dotfile.dot -ooutfile.svg]
21:37:40.077 [main] INFO guru.nidi.graphviz.engine.GraphvizCmdLineEngine -- output file:///tmp/GraphvizJava/DotEngine6975252743534530883/outfile.svg
21:37:40.090 [main] INFO guru.nidi.graphviz.engine.GraphvizCmdLineEngine -- input  file:///tmp/GraphvizJava/DotEngine16556034334241384411/dotfile.dot
21:37:40.091 [main] INFO guru.nidi.graphviz.service.CommandLineExecutor -- executing command [/bin/sh, -c, dot -Kdot -Tsvg  /tmp/GraphvizJava/DotEngine16556034334241384411/dotfile.dot -ooutfile.svg]
21:37:40.142 [main] INFO guru.nidi.graphviz.engine.GraphvizCmdLineEngine -- output file:///tmp/GraphvizJava/DotEngine16556034334241384411/outfile.svg
21:37:40.147 [main] INFO guru.nidi.graphviz.engine.GraphvizCmdLineEngine -- input  file:///tmp/GraphvizJava/DotEngine13309812687171851115/dotfile.dot
21:37:40.148 [main] INFO guru.nidi.graphviz.service.CommandLineExecutor -- executing command [/bin/sh, -c, dot -Kdot -Tsvg  /tmp/GraphvizJava/DotEngine13309812687171851115/dotfile.dot -ooutfile.svg]
21:37:40.248 [main] INFO guru.nidi.graphviz.engine.GraphvizCmdLineEngine -- output file:///tmp/GraphvizJava/DotEngine13309812687171851115/outfile.svg
21:37:40.276 [main] INFO guru.nidi.graphviz.engine.GraphvizCmdLineEngine -- input  file:///tmp/GraphvizJava/DotEngine16892922250397024166/dotfile.dot
21:37:40.276 [main] INFO guru.nidi.graphviz.service.CommandLineExecutor -- executing command [/bin/sh, -c, dot -Kdot -Tsvg  /tmp/GraphvizJava/DotEngine16892922250397024166/dotfile.dot -ooutfile.svg]
21:37:40.377 [main] INFO guru.nidi.graphviz.engine.GraphvizCmdLineEngine -- output file:///tmp/GraphvizJava/DotEngine16892922250397024166/outfile.svg
21:37:40.395 [main] INFO guru.nidi.graphviz.engine.GraphvizCmdLineEngine -- input  file:///tmp/GraphvizJava/DotEngine6940178119520090743/dotfile.dot
21:37:40.395 [main] INFO guru.nidi.graphviz.service.CommandLineExecutor -- executing command [/bin/sh, -c, dot -Kdot -Tsvg  /tmp/GraphvizJava/DotEngine6940178119520090743/dotfile.dot -ooutfile.svg]
21:37:40.496 [main] INFO guru.nidi.graphviz.engine.GraphvizCmdLineEngine -- output file:///tmp/GraphvizJava/DotEngine6940178119520090743/outfile.svg
21:37:40.502 [main] INFO guru.nidi.graphviz.engine.GraphvizCmdLineEngine -- input  file:///tmp/GraphvizJava/DotEngine5470192665424066477/dotfile.dot
21:37:40.503 [main] INFO guru.nidi.graphviz.service.CommandLineExecutor -- executing command [/bin/sh, -c, dot -Kdot -Tsvg  /tmp/GraphvizJava/DotEngine5470192665424066477/dotfile.dot -ooutfile.svg]
21:37:40.553 [main] INFO guru.nidi.graphviz.engine.GraphvizCmdLineEngine -- output file:///tmp/GraphvizJava/DotEngine5470192665424066477/outfile.svg
21:37:40.560 [main] INFO guru.nidi.graphviz.engine.GraphvizCmdLineEngine -- input  file:///tmp/GraphvizJava/DotEngine1936914971235727567/dotfile.dot
21:37:40.561 [main] INFO guru.nidi.graphviz.service.CommandLineExecutor -- executing command [/bin/sh, -c, dot -Kdot -Tsvg  /tmp/GraphvizJava/DotEngine1936914971235727567/dotfile.dot -ooutfile.svg]
21:37:40.661 [main] INFO guru.nidi.graphviz.engine.GraphvizCmdLineEngine -- output file:///tmp/GraphvizJava/DotEngine1936914971235727567/outfile.svg
21:37:40.674 [main] INFO guru.nidi.graphviz.engine.GraphvizCmdLineEngine -- input  file:///tmp/GraphvizJava/DotEngine13656503775190009229/dotfile.dot
21:37:40.674 [main] INFO guru.nidi.graphviz.service.CommandLineExecutor -- executing command [/bin/sh, -c, dot -Kdot -Tsvg  /tmp/GraphvizJava/DotEngine13656503775190009229/dotfile.dot -ooutfile.svg]
21:37:40.775 [main] INFO guru.nidi.graphviz.engine.GraphvizCmdLineEngine -- output file:///tmp/GraphvizJava/DotEngine13656503775190009229/outfile.svg
21:37:40.790 [main] INFO guru.nidi.graphviz.engine.GraphvizCmdLineEngine -- input  file:///tmp/GraphvizJava/DotEngine12680048859181582634/dotfile.dot
21:37:40.790 [main] INFO guru.nidi.graphviz.service.CommandLineExecutor -- executing command [/bin/sh, -c, dot -Kdot -Tsvg  /tmp/GraphvizJava/DotEngine12680048859181582634/dotfile.dot -ooutfile.svg]
21:37:40.891 [main] INFO guru.nidi.graphviz.engine.GraphvizCmdLineEngine -- output file:///tmp/GraphvizJava/DotEngine12680048859181582634/outfile.svg
21:37:40.908 [main] INFO guru.nidi.graphviz.engine.GraphvizCmdLineEngine -- input  file:///tmp/GraphvizJava/DotEngine11836760718624157824/dotfile.dot
21:37:40.909 [main] INFO guru.nidi.graphviz.service.CommandLineExecutor -- executing command [/bin/sh, -c, dot -Kdot -Tsvg  /tmp/GraphvizJava/DotEngine11836760718624157824/dotfile.dot -ooutfile.svg]
21:37:42.162 [main] WARN com.bica.web.service.AnalysisService -- Failed to pre-render benchmark Ribosome Translation: failed at node 13[1]
dot: maze.c:313: chkSgraph: Assertion `np->cells[1]' failed.
Aborted (core dumped)

21:37:42.167 [main] INFO guru.nidi.graphviz.engine.GraphvizCmdLineEngine -- input  file:///tmp/GraphvizJava/DotEngine5156297550440281998/dotfile.dot
21:37:42.168 [main] INFO guru.nidi.graphviz.service.CommandLineExecutor -- executing command [/bin/sh, -c, dot -Kdot -Tsvg  /tmp/GraphvizJava/DotEngine5156297550440281998/dotfile.dot -ooutfile.svg]
21:37:42.268 [main] INFO guru.nidi.graphviz.engine.GraphvizCmdLineEngine -- output file:///tmp/GraphvizJava/DotEngine5156297550440281998/outfile.svg
21:37:42.279 [main] INFO guru.nidi.graphviz.engine.GraphvizCmdLineEngine -- input  file:///tmp/GraphvizJava/DotEngine4125327715442523936/dotfile.dot
21:37:42.280 [main] INFO guru.nidi.graphviz.service.CommandLineExecutor -- executing command [/bin/sh, -c, dot -Kdot -Tsvg  /tmp/GraphvizJava/DotEngine4125327715442523936/dotfile.dot -ooutfile.svg]
21:37:42.380 [main] INFO guru.nidi.graphviz.engine.GraphvizCmdLineEngine -- output file:///tmp/GraphvizJava/DotEngine4125327715442523936/outfile.svg
21:37:42.390 [main] INFO guru.nidi.graphviz.engine.GraphvizCmdLineEngine -- input  file:///tmp/GraphvizJava/DotEngine7440645207017153621/dotfile.dot
21:37:42.390 [main] INFO guru.nidi.graphviz.service.CommandLineExecutor -- executing command [/bin/sh, -c, dot -Kdot -Tsvg  /tmp/GraphvizJava/DotEngine7440645207017153621/dotfile.dot -ooutfile.svg]
21:37:42.491 [main] INFO guru.nidi.graphviz.engine.GraphvizCmdLineEngine -- output file:///tmp/GraphvizJava/DotEngine7440645207017153621/outfile.svg
21:37:42.499 [main] INFO guru.nidi.graphviz.engine.GraphvizCmdLineEngine -- input  file:///tmp/GraphvizJava/DotEngine13281017709050178532/dotfile.dot
21:37:42.499 [main] INFO guru.nidi.graphviz.service.CommandLineExecutor -- executing command [/bin/sh, -c, dot -Kdot -Tsvg  /tmp/GraphvizJava/DotEngine13281017709050178532/dotfile.dot -ooutfile.svg]
21:37:42.550 [main] INFO guru.nidi.graphviz.engine.GraphvizCmdLineEngine -- output file:///tmp/GraphvizJava/DotEngine13281017709050178532/outfile.svg
21:37:42.556 [main] INFO guru.nidi.graphviz.engine.GraphvizCmdLineEngine -- input  file:///tmp/GraphvizJava/DotEngine6063024417618968915/dotfile.dot
21:37:42.557 [main] INFO guru.nidi.graphviz.service.CommandLineExecutor -- executing command [/bin/sh, -c, dot -Kdot -Tsvg  /tmp/GraphvizJava/DotEngine6063024417618968915/dotfile.dot -ooutfile.svg]
21:37:42.607 [main] INFO guru.nidi.graphviz.engine.GraphvizCmdLineEngine -- output file:///tmp/GraphvizJava/DotEngine6063024417618968915/outfile.svg
21:37:42.615 [main] INFO guru.nidi.graphviz.engine.GraphvizCmdLineEngine -- input  file:///tmp/GraphvizJava/DotEngine17319353636928468457/dotfile.dot
21:37:42.616 [main] INFO guru.nidi.graphviz.service.CommandLineExecutor -- executing command [/bin/sh, -c, dot -Kdot -Tsvg  /tmp/GraphvizJava/DotEngine17319353636928468457/dotfile.dot -ooutfile.svg]
21:37:42.716 [main] INFO guru.nidi.graphviz.engine.GraphvizCmdLineEngine -- output file:///tmp/GraphvizJava/DotEngine17319353636928468457/outfile.svg
21:37:42.726 [main] INFO guru.nidi.graphviz.engine.GraphvizCmdLineEngine -- input  file:///tmp/GraphvizJava/DotEngine16022677201101087994/dotfile.dot
21:37:42.727 [main] INFO guru.nidi.graphviz.service.CommandLineExecutor -- executing command [/bin/sh, -c, dot -Kdot -Tsvg  /tmp/GraphvizJava/DotEngine16022677201101087994/dotfile.dot -ooutfile.svg]
21:37:42.828 [main] INFO guru.nidi.graphviz.engine.GraphvizCmdLineEngine -- output file:///tmp/GraphvizJava/DotEngine16022677201101087994/outfile.svg
21:37:42.838 [main] INFO guru.nidi.graphviz.engine.GraphvizCmdLineEngine -- input  file:///tmp/GraphvizJava/DotEngine6351153039044113005/dotfile.dot
21:37:42.839 [main] INFO guru.nidi.graphviz.service.CommandLineExecutor -- executing command [/bin/sh, -c, dot -Kdot -Tsvg  /tmp/GraphvizJava/DotEngine6351153039044113005/dotfile.dot -ooutfile.svg]
21:37:42.940 [main] INFO guru.nidi.graphviz.engine.GraphvizCmdLineEngine -- output file:///tmp/GraphvizJava/DotEngine6351153039044113005/outfile.svg
21:37:42.948 [main] INFO guru.nidi.graphviz.engine.GraphvizCmdLineEngine -- input  file:///tmp/GraphvizJava/DotEngine3260478084464879636/dotfile.dot
21:37:42.948 [main] INFO guru.nidi.graphviz.service.CommandLineExecutor -- executing command [/bin/sh, -c, dot -Kdot -Tsvg  /tmp/GraphvizJava/DotEngine3260478084464879636/dotfile.dot -ooutfile.svg]
21:37:43.049 [main] INFO guru.nidi.graphviz.engine.GraphvizCmdLineEngine -- output file:///tmp/GraphvizJava/DotEngine3260478084464879636/outfile.svg
21:37:43.059 [main] INFO guru.nidi.graphviz.engine.GraphvizCmdLineEngine -- input  file:///tmp/GraphvizJava/DotEngine13012713022171830628/dotfile.dot
21:37:43.059 [main] INFO guru.nidi.graphviz.service.CommandLineExecutor -- executing command [/bin/sh, -c, dot -Kdot -Tsvg  /tmp/GraphvizJava/DotEngine13012713022171830628/dotfile.dot -ooutfile.svg]
21:37:43.160 [main] INFO guru.nidi.graphviz.engine.GraphvizCmdLineEngine -- output file:///tmp/GraphvizJava/DotEngine13012713022171830628/outfile.svg
21:37:43.169 [main] INFO guru.nidi.graphviz.engine.GraphvizCmdLineEngine -- input  file:///tmp/GraphvizJava/DotEngine5160128212757102910/dotfile.dot
21:37:43.169 [main] INFO guru.nidi.graphviz.service.CommandLineExecutor -- executing command [/bin/sh, -c, dot -Kdot -Tsvg  /tmp/GraphvizJava/DotEngine5160128212757102910/dotfile.dot -ooutfile.svg]
21:37:43.270 [main] INFO guru.nidi.graphviz.engine.GraphvizCmdLineEngine -- output file:///tmp/GraphvizJava/DotEngine5160128212757102910/outfile.svg
21:37:43.276 [main] INFO guru.nidi.graphviz.engine.GraphvizCmdLineEngine -- input  file:///tmp/GraphvizJava/DotEngine14479435971831905295/dotfile.dot
21:37:43.276 [main] INFO guru.nidi.graphviz.service.CommandLineExecutor -- executing command [/bin/sh, -c, dot -Kdot -Tsvg  /tmp/GraphvizJava/DotEngine14479435971831905295/dotfile.dot -ooutfile.svg]
21:37:43.376 [main] INFO guru.nidi.graphviz.engine.GraphvizCmdLineEngine -- output file:///tmp/GraphvizJava/DotEngine14479435971831905295/outfile.svg
21:37:43.384 [main] INFO guru.nidi.graphviz.engine.GraphvizCmdLineEngine -- input  file:///tmp/GraphvizJava/DotEngine114243922230126410/dotfile.dot
21:37:43.384 [main] INFO guru.nidi.graphviz.service.CommandLineExecutor -- executing command [/bin/sh, -c, dot -Kdot -Tsvg  /tmp/GraphvizJava/DotEngine114243922230126410/dotfile.dot -ooutfile.svg]
21:37:43.434 [main] INFO guru.nidi.graphviz.engine.GraphvizCmdLineEngine -- output file:///tmp/GraphvizJava/DotEngine114243922230126410/outfile.svg
21:37:43.439 [main] INFO guru.nidi.graphviz.engine.GraphvizCmdLineEngine -- input  file:///tmp/GraphvizJava/DotEngine12239242026503325904/dotfile.dot
21:37:43.440 [main] INFO guru.nidi.graphviz.service.CommandLineExecutor -- executing command [/bin/sh, -c, dot -Kdot -Tsvg  /tmp/GraphvizJava/DotEngine12239242026503325904/dotfile.dot -ooutfile.svg]
21:37:43.540 [main] INFO guru.nidi.graphviz.engine.GraphvizCmdLineEngine -- output file:///tmp/GraphvizJava/DotEngine12239242026503325904/outfile.svg
21:37:43.546 [main] INFO guru.nidi.graphviz.engine.GraphvizCmdLineEngine -- input  file:///tmp/GraphvizJava/DotEngine11371144146833723071/dotfile.dot
21:37:43.546 [main] INFO guru.nidi.graphviz.service.CommandLineExecutor -- executing command [/bin/sh, -c, dot -Kdot -Tsvg  /tmp/GraphvizJava/DotEngine11371144146833723071/dotfile.dot -ooutfile.svg]
21:37:43.647 [main] INFO guru.nidi.graphviz.engine.GraphvizCmdLineEngine -- output file:///tmp/GraphvizJava/DotEngine11371144146833723071/outfile.svg
21:37:43.648 [main] INFO com.bica.web.service.AnalysisService -- Cached 55 benchmark results.
]]></system-out>
  </testcase>
  <testcase name="analyzeIteratorEnrichedFields" classname="com.bica.web.service.AnalysisServiceTest" time="0.061">
    <system-out><![CDATA[21:37:43.658 [main] INFO guru.nidi.graphviz.engine.GraphvizCmdLineEngine -- input  file:///tmp/GraphvizJava/DotEngine12661854703059279596/dotfile.dot
21:37:43.658 [main] INFO guru.nidi.graphviz.service.CommandLineExecutor -- executing command [/bin/sh, -c, dot -Kdot -Tsvg  /tmp/GraphvizJava/DotEngine12661854703059279596/dotfile.dot -ooutfile.svg]
21:37:43.709 [main] INFO guru.nidi.graphviz.engine.GraphvizCmdLineEngine -- output file:///tmp/GraphvizJava/DotEngine12661854703059279596/outfile.svg
]]></system-out>
  </testcase>
  <testcase name="analyzeSimpleType" classname="com.bica.web.service.AnalysisServiceTest" time="0.114">
    <system-out><![CDATA[21:37:43.724 [main] INFO guru.nidi.graphviz.engine.GraphvizCmdLineEngine -- input  file:///tmp/GraphvizJava/DotEngine1847297361457571699/dotfile.dot
21:37:43.725 [main] INFO guru.nidi.graphviz.service.CommandLineExecutor -- executing command [/bin/sh, -c, dot -Kdot -Tsvg  /tmp/GraphvizJava/DotEngine1847297361457571699/dotfile.dot -ooutfile.svg]
21:37:43.826 [main] INFO guru.nidi.graphviz.engine.GraphvizCmdLineEngine -- output file:///tmp/GraphvizJava/DotEngine1847297361457571699/outfile.svg
]]></system-out>
  </testcase>
  <testcase name="analyzeNestedRecDepth" classname="com.bica.web.service.AnalysisServiceTest" time="0.113">
    <system-out><![CDATA[21:37:43.838 [main] INFO guru.nidi.graphviz.engine.GraphvizCmdLineEngine -- input  file:///tmp/GraphvizJava/DotEngine11232455049505284439/dotfile.dot
21:37:43.838 [main] INFO guru.nidi.graphviz.service.CommandLineExecutor -- executing command [/bin/sh, -c, dot -Kdot -Tsvg  /tmp/GraphvizJava/DotEngine11232455049505284439/dotfile.dot -ooutfile.svg]
21:37:43.939 [main] INFO guru.nidi.graphviz.engine.GraphvizCmdLineEngine -- output file:///tmp/GraphvizJava/DotEngine11232455049505284439/outfile.svg
]]></system-out>
  </testcase>
  <testcase name="analyzeParallel" classname="com.bica.web.service.AnalysisServiceTest" time="0.116">
    <system-out><![CDATA[21:37:43.957 [main] INFO guru.nidi.graphviz.engine.GraphvizCmdLineEngine -- input  file:///tmp/GraphvizJava/DotEngine13260167370686916445/dotfile.dot
21:37:43.957 [main] INFO guru.nidi.graphviz.service.CommandLineExecutor -- executing command [/bin/sh, -c, dot -Kdot -Tsvg  /tmp/GraphvizJava/DotEngine13260167370686916445/dotfile.dot -ooutfile.svg]
21:37:44.058 [main] INFO guru.nidi.graphviz.engine.GraphvizCmdLineEngine -- output file:///tmp/GraphvizJava/DotEngine13260167370686916445/outfile.svg
]]></system-out>
  </testcase>
  <testcase name="analyzeIterator" classname="com.bica.web.service.AnalysisServiceTest" time="0.113">
    <system-out><![CDATA[21:37:44.072 [main] INFO guru.nidi.graphviz.engine.GraphvizCmdLineEngine -- input  file:///tmp/GraphvizJava/DotEngine15287063945459184648/dotfile.dot
21:37:44.072 [main] INFO guru.nidi.graphviz.service.CommandLineExecutor -- executing command [/bin/sh, -c, dot -Kdot -Tsvg  /tmp/GraphvizJava/DotEngine15287063945459184648/dotfile.dot -ooutfile.svg]
21:37:44.173 [main] INFO guru.nidi.graphviz.engine.GraphvizCmdLineEngine -- output file:///tmp/GraphvizJava/DotEngine15287063945459184648/outfile.svg
]]></system-out>
  </testcase>
  <testcase name="generateTests" classname="com.bica.web.service.AnalysisServiceTest" time="0.022"/>
</testsuite>