<?xml version="1.0" encoding="UTF-8"?>
<testsuite xmlns:xsi="http://www.w3.org/2001/XMLSchema-instance" xsi:noNamespaceSchemaLocation="https://maven.apache.org/surefire/maven-surefire-plugin/xsd/surefire-test-report.xsd" version="3.0.2" name="com.bica.web.service.AnalysisServiceTest" time="4.407" tests="6" errors="0" skipped="0" failures="0">
  <properties>
[...]
</properties>
  <testcase name="analyzeBadInput" classname="com.bica.web.service.AnalysisServiceTest" time="0.044"/>
  <testcase name="benchmarksLoaded" classname="com.bica.web.service.AnalysisServiceTest" time="3.859">
    <system-out><![CDATA[20:25:29.908 [main] INFO com.bica.web.service.AnalysisService -- Pre-rendering 34 benchmarks...
20:25:30.024 [main] INFO guru.nidi.graphviz.engine.GraphvizCmdLineEngine -- input  file:///tmp/GraphvizJava/DotEngine11423243698063842801/dotfile.dot
20:25:30.027 [main] INFO guru.nidi.graphviz.service.CommandLineExecutor -- executing command [/bin/sh, -c, dot -Kdot -Tsvg  /tmp/GraphvizJava/DotEngine11423243698063842801/dotfile.dot -ooutfile.svg]
20:25:30.134 [main] INFO guru.nidi.graphviz.engine.GraphvizCmdLineEngine -- output file:///tmp/GraphvizJava/DotEngine11423243698063842801/outfile.svg
20:25:30.151 [main] INFO guru.nidi.graphviz.engine.GraphvizCmdLineEngine -- input  file:///tmp/GraphvizJava/DotEngine14585671597688980202/dotfile.dot
20:25:30.151 [main] INFO guru.nidi.graphviz.service.CommandLineExecutor -- executing command [/bin/sh, -c, dot -Kdot -Tsvg  /tmp/GraphvizJava/DotEngine14585671597688980202/dotfile.dot -ooutfile.svg]
20:25:30.202 [main] INFO guru.nidi.graphviz.engine.GraphvizCmdLineEngine -- output file:///tmp/GraphvizJava/DotEngine14585671597688980202/outfile.svg
20:25:30.212 [main] INFO guru.nidi.graphviz.engine.GraphvizCmdLineEngine -- input  file:///tmp/GraphvizJava/DotEngine1205370458051173342/dotfile.dot
20:25:30.212 [main] INFO guru.nidi.graphviz.service.CommandLineExecutor -- executing command [/bin/sh, -c, dot -Kdot -Tsvg  /tmp/GraphvizJava/DotEngine1205370458051173342/dotfile.dot -ooutfile.svg]
20:25:30.313 [main] INFO guru.nidi.graphviz.engine.GraphvizCmdLineEngine -- output file:///tmp/GraphvizJava/DotEngine1205370458051173342/outfile.svg
20:25:30.335 [main] INFO guru.nidi.graphviz.engine.GraphvizCmdLineEngine -- input  file:///tmp/GraphvizJava/DotEngine10595823027382273856/dotfile.dot
20:25:30.336 [main] INFO guru.nidi.graphviz.service.CommandLineExecutor -- executing command [/bin/sh, -c, dot -Kdot -Tsvg  /tmp/GraphvizJava/DotEngine10595823027382273856/dotfile.dot -ooutfile.svg]
20:25:30.437 [main] INFO guru.nidi.graphviz.engine.GraphvizCmdLineEngine -- output file:///tmp/GraphvizJava/DotEngine10595823027382273856/outfile.svg
20:25:30.456 [main] INFO guru.nidi.graphviz.engine.GraphvizCmdLineEngine -- input  file:///tmp/GraphvizJava/DotEngine15874224658105025694/dotfile.dot
20:25:30.456 [main] INFO guru.nidi.graphviz.service.CommandLineExecutor -- executing command [/bin/sh, -c, dot -Kdot -Tsvg  /tmp/GraphvizJava/DotEngine15874224658105025694/dotfile.dot -ooutfile.svg]
20:25:30.557 [main] INFO guru.nidi.graphviz.engine.GraphvizCmdLineEngine -- output file:///tmp/GraphvizJava/DotEngine15874224658105025694/outfile.svg
20:25:30.570 [main] INFO guru.nidi.graphviz.engine.GraphvizCmdLineEngine -- input  file:///tmp/GraphvizJava/DotEngine14482948395570749401/dotfile.dot
20:25:30.571 [main] INFO guru.nidi.graphviz.service.CommandLineExecutor -- executing command [/bin/sh, -c, dot -Kdot -Tsvg  /tmp/GraphvizJava/DotEngine14482948395570749401/dotfile.dot -ooutfile.svg]
20:25:30.672 [main] INFO guru.nidi.graphviz.engine.GraphvizCmdLineEngine -- output file:///tmp/GraphvizJava/DotEngine14482948395570749401/outfile.svg
20:25:30.681 [main] INFO guru.nidi.graphviz.engine.GraphvizCmdLineEngine -- input  file:///tmp/GraphvizJava/DotEngine5236887715366723666/dotfile.dot
20:25:30.681 [main] INFO guru.nidi.graphviz.service.CommandLineExecutor -- executing command [/bin/sh, -c, dot -Kdot -Tsvg  /tmp/GraphvizJava/DotEngine5236887715366723666/dotfile.dot -ooutfile.svg]
20:25:30.782 [main] INFO guru.nidi.graphviz.engine.GraphvizCmdLineEngine -- output file:///tmp/GraphvizJava/DotEngine5236887715366723666/outfile.svg
20:25:30.796 [main] INFO guru.nidi.graphviz.engine.GraphvizCmdLineEngine -- input  file:///tmp/GraphvizJava/DotEngine12323638757015339236/dotfile.dot
20:25:30.796 [main] INFO guru.nidi.graphviz.service.CommandLineExecutor -- executing command [/bin/sh, -c, dot -Kdot -Tsvg  /tmp/GraphvizJava/DotEngine12323638757015339236/dotfile.dot -ooutfile.svg]
20:25:30.897 [main] INFO guru.nidi.graphviz.engine.GraphvizCmdLineEngine -- output file:///tmp/GraphvizJava/DotEngine12323638757015339236/outfile.svg
20:25:30.913 [main] INFO guru.nidi.graphviz.engine.GraphvizCmdLineEngine -- input  file:///tmp/GraphvizJava/DotEngine9848668948270280533/dotfile.dot
20:25:30.913 [main] INFO guru.nidi.graphviz.service.CommandLineExecutor -- executing command [/bin/sh, -c, dot -Kdot -Tsvg  /tmp/GraphvizJava/DotEngine9848668948270280533/dotfile.dot -ooutfile.svg]
20:25:31.014 [main] INFO guru.nidi.graphviz.engine.GraphvizCmdLineEngine -- output file:///tmp/GraphvizJava/DotEngine9848668948270280533/outfile.svg
20:25:31.022 [main] INFO guru.nidi.graphviz.engine.GraphvizCmdLineEngine -- input  file:///tmp/GraphvizJava/DotEngine7435365263247721841/dotfile.dot
20:25:31.023 [main] INFO guru.nidi.graphviz.service.CommandLineExecutor -- executing command [/bin/sh, -c, dot -Kdot -Tsvg  /tmp/GraphvizJava/DotEngine7435365263247721841/dotfile.dot -ooutfile.svg]
20:25:31.124 [main] INFO guru.nidi.graphviz.engine.GraphvizCmdLineEngine -- output file:///tmp/GraphvizJava/DotEngine7435365263247721841/outfile.svg
20:25:31.140 [main] INFO guru.nidi.graphviz.engine.GraphvizCmdLineEngine -- input  file:///tmp/GraphvizJava/DotEngine13353066165566639877/dotfile.dot
20:25:31.140 [main] INFO guru.nidi.graphviz.service.CommandLineExecutor -- executing command [/bin/sh, -c, dot -Kdot -Tsvg  /tmp/GraphvizJava/DotEngine13353066165566639877/dotfile.dot -ooutfile.svg]
20:25:31.242 [main] INFO guru.nidi.graphviz.engine.GraphvizCmdLineEngine -- output file:///tmp/GraphvizJava/DotEngine13353066165566639877/outfile.svg
20:25:31.262 [main] INFO guru.nidi.graphviz.engine.GraphvizCmdLineEngine -- input  file:///tmp/GraphvizJava/DotEngine12800982114749978213/dotfile.dot
20:25:31.262 [main] INFO guru.nidi.graphviz.service.CommandLineExecutor -- executing command [/bin/sh, -c, dot -Kdot -Tsvg  /tmp/GraphvizJava/DotEngine12800982114749978213/dotfile.dot -ooutfile.svg]
20:25:31.363 [main] INFO guru.nidi.graphviz.engine.GraphvizCmdLineEngine -- output file:///tmp/GraphvizJava/DotEngine12800982114749978213/outfile.svg
20:25:31.372 [main] INFO guru.nidi.graphviz.engine.GraphvizCmdLineEngine -- input  file:///tmp/GraphvizJava/DotEngine244709962337157662/dotfile.dot
20:25:31.373 [main] INFO guru.nidi.graphviz.service.CommandLineExecutor -- executing command [/bin/sh, -c, dot -Kdot -Tsvg  /tmp/GraphvizJava/DotEngine244709962337157662/dotfile.dot -ooutfile.svg]
20:25:31.474 [main] INFO guru.nidi.graphviz.engine.GraphvizCmdLineEngine -- output file:///tmp/GraphvizJava/DotEngine244709962337157662/outfile.svg
20:25:31.486 [main] INFO guru.nidi.graphviz.engine.GraphvizCmdLineEngine -- input  file:///tmp/GraphvizJava/DotEngine3236536970849929653/dotfile.dot
20:25:31.487 [main] INFO guru.nidi.graphviz.service.CommandLineExecutor -- executing command [/bin/sh, -c, dot -Kdot -Tsvg  /tmp/GraphvizJava/DotEngine3236536970849929653/dotfile.dot -ooutfile.svg]
20:25:31.588 [main] INFO guru.nidi.graphviz.engine.GraphvizCmdLineEngine -- output file:///tmp/GraphvizJava/DotEngine3236536970849929653/outfile.svg
20:25:31.600 [main] INFO guru.nidi.graphviz.engine.GraphvizCmdLineEngine -- input  file:///tmp/GraphvizJava/DotEngine6749434505768338839/dotfile.dot
20:25:31.600 [main] INFO guru.nidi.graphviz.service.CommandLineExecutor -- executing command [/bin/sh, -c, dot -Kdot -Tsvg  /tmp/GraphvizJava/DotEngine6749434505768338839/dotfile.dot -ooutfile.svg]
20:25:31.701 [main] INFO guru.nidi.graphviz.engine.GraphvizCmdLineEngine -- output file:///tmp/GraphvizJava/DotEngine6749434505768338839/outfile.svg
20:25:31.711 [main] INFO guru.nidi.graphviz.engine.GraphvizCmdLineEngine -- input  file:///tmp/GraphvizJava/DotEngine11672506246985485652/dotfile.dot
20:25:31.711 [main] INFO guru.nidi.graphviz.service.CommandLineExecutor -- executing command [/bin/sh, -c, dot -Kdot -Tsvg  /tmp/GraphvizJava/DotEngine11672506246985485652/dotfile.dot -ooutfile.svg]
20:25:31.811 [main] INFO guru.nidi.graphviz.engine.GraphvizCmdLineEngine -- output file:///tmp/GraphvizJava/DotEngine11672506246985485652/outfile.svg
20:25:31.823 [main] INFO guru.nidi.graphviz.engine.GraphvizCmdLineEngine -- input  file:///tmp/GraphvizJava/DotEngine14630257916315919417/dotfile.dot
20:25:31.824 [main] INFO guru.nidi.graphviz.service.CommandLineExecutor -- executing command [/bin/sh, -c, dot -Kdot -Tsvg  /tmp/GraphvizJava/DotEngine14630257916315919417/dotfile.dot -ooutfile.svg]
20:25:31.925 [main] INFO guru.nidi.graphviz.engine.GraphvizCmdLineEngine -- output file:///tmp/GraphvizJava/DotEngine14630257916315919417/outfile.svg
20:25:31.947 [main] INFO guru.nidi.graphviz.engine.GraphvizCmdLineEngine -- input  file:///tmp/GraphvizJava/DotEngine3762753825294870509/dotfile.dot
20:25:31.947 [main] INFO guru.nidi.graphviz.service.CommandLineExecutor -- executing command [/bin/sh, -c, dot -Kdot -Tsvg  /tmp/GraphvizJava/DotEngine3762753825294870509/dotfile.dot -ooutfile.svg]
20:25:32.048 [main] INFO guru.nidi.graphviz.engine.GraphvizCmdLineEngine -- output file:///tmp/GraphvizJava/DotEngine3762753825294870509/outfile.svg
20:25:32.067 [main] INFO guru.nidi.graphviz.engine.GraphvizCmdLineEngine -- input  file:///tmp/GraphvizJava/DotEngine2660777557372176402/dotfile.dot
20:25:32.068 [main] INFO guru.nidi.graphviz.service.CommandLineExecutor -- executing command [/bin/sh, -c, dot -Kdot -Tsvg  /tmp/GraphvizJava/DotEngine2660777557372176402/dotfile.dot -ooutfile.svg]
20:25:32.169 [main] INFO guru.nidi.graphviz.engine.GraphvizCmdLineEngine -- output file:///tmp/GraphvizJava/DotEngine2660777557372176402/outfile.svg
20:25:32.184 [main] INFO guru.nidi.graphviz.engine.GraphvizCmdLineEngine -- input  file:///tmp/GraphvizJava/DotEngine580336942894643987/dotfile.dot
20:25:32.185 [main] INFO guru.nidi.graphviz.service.CommandLineExecutor -- executing command [/bin/sh, -c, dot -Kdot -Tsvg  /tmp/GraphvizJava/DotEngine580336942894643987/dotfile.dot -ooutfile.svg]
20:25:32.235 [main] INFO guru.nidi.graphviz.engine.GraphvizCmdLineEngine -- output file:///tmp/GraphvizJava/DotEngine580336942894643987/outfile.svg
20:25:32.242 [main] INFO guru.nidi.graphviz.engine.GraphvizCmdLineEngine -- input  file:///tmp/GraphvizJava/DotEngine3420625420069472739/dotfile.dot
20:25:32.243 [main] INFO guru.nidi.graphviz.service.CommandLineExecutor -- executing command [/bin/sh, -c, dot -Kdot -Tsvg  /tmp/GraphvizJava/DotEngine3420625420069472739/dotfile.dot -ooutfile.svg]
20:25:32.293 [main] INFO guru.nidi.graphviz.engine.GraphvizCmdLineEngine -- output file:///tmp/GraphvizJava/DotEngine3420625420069472739/outfile.svg
20:25:32.303 [main] INFO guru.nidi.graphviz.engine.GraphvizCmdLineEngine -- input  file:///tmp/GraphvizJava/DotEngine18323233698636675729/dotfile.dot
20:25:32.304 [main] INFO guru.nidi.graphviz.service.CommandLineExecutor -- executing command [/bin/sh, -c, dot -Kdot -Tsvg  /tmp/GraphvizJava/DotEngine18323233698636675729/dotfile.dot -ooutfile.svg]
20:25:32.405 [main] INFO guru.nidi.graphviz.engine.GraphvizCmdLineEngine -- output file:///tmp/GraphvizJava/DotEngine18323233698636675729/outfile.svg
20:25:32.418 [main] INFO guru.nidi.graphviz.engine.GraphvizCmdLineEngine -- input  file:///tmp/GraphvizJava/DotEngine16720258240346528419/dotfile.dot
20:25:32.419 [main] INFO guru.nidi.graphviz.service.CommandLineExecutor -- executing command [/bin/sh, -c, dot -Kdot -Tsvg  /tmp/GraphvizJava/DotEngine16720258240346528419/dotfile.dot -ooutfile.svg]
20:25:32.520 [main] INFO guru.nidi.graphviz.engine.GraphvizCmdLineEngine -- output file:///tmp/GraphvizJava/DotEngine16720258240346528419/outfile.svg
20:25:32.534 [main] INFO guru.nidi.graphviz.engine.GraphvizCmdLineEngine -- input  file:///tmp/GraphvizJava/DotEngine8161849381178175818/dotfile.dot
20:25:32.535 [main] INFO guru.nidi.graphviz.service.CommandLineExecutor -- executing command [/bin/sh, -c, dot -Kdot -Tsvg  /tmp/GraphvizJava/DotEngine8161849381178175818/dotfile.dot -ooutfile.svg]
20:25:32.636 [main] INFO guru.nidi.graphviz.engine.GraphvizCmdLineEngine -- output file:///tmp/GraphvizJava/DotEngine8161849381178175818/outfile.svg
20:25:32.654 [main] INFO guru.nidi.graphviz.engine.GraphvizCmdLineEngine -- input  file:///tmp/GraphvizJava/DotEngine11424693832615345412/dotfile.dot
20:25:32.654 [main] INFO guru.nidi.graphviz.service.CommandLineExecutor -- executing command [/bin/sh, -c, dot -Kdot -Tsvg  /tmp/GraphvizJava/DotEngine11424693832615345412/dotfile.dot -ooutfile.svg]
20:25:32.755 [main] INFO guru.nidi.graphviz.engine.GraphvizCmdLineEngine -- output file:///tmp/GraphvizJava/DotEngine11424693832615345412/outfile.svg
20:25:32.761 [main] INFO guru.nidi.graphviz.engine.GraphvizCmdLineEngine -- input  file:///tmp/GraphvizJava/DotEngine5588605101621713609/dotfile.dot
20:25:32.761 [main] INFO guru.nidi.graphviz.service.CommandLineExecutor -- executing command [/bin/sh, -c, dot -Kdot -Tsvg  /tmp/GraphvizJava/DotEngine5588605101621713609/dotfile.dot -ooutfile.svg]
20:25:32.862 [main] INFO guru.nidi.graphviz.engine.GraphvizCmdLineEngine -- output file:///tmp/GraphvizJava/DotEngine5588605101621713609/outfile.svg
20:25:32.871 [main] INFO guru.nidi.graphviz.engine.GraphvizCmdLineEngine -- input  file:///tmp/GraphvizJava/DotEngine5896916310323331908/dotfile.dot
20:25:32.872 [main] INFO guru.nidi.graphviz.service.CommandLineExecutor -- executing command [/bin/sh, -c, dot -Kdot -Tsvg  /tmp/GraphvizJava/DotEngine5896916310323331908/dotfile.dot -ooutfile.svg]
20:25:32.972 [main] INFO guru.nidi.graphviz.engine.GraphvizCmdLineEngine -- output file:///tmp/GraphvizJava/DotEngine5896916310323331908/outfile.svg
20:25:32.983 [main] INFO guru.nidi.graphviz.engine.GraphvizCmdLineEngine -- input  file:///tmp/GraphvizJava/DotEngine13555751433726198148/dotfile.dot
20:25:32.983 [main] INFO guru.nidi.graphviz.service.CommandLineExecutor -- executing command [/bin/sh, -c, dot -Kdot -Tsvg  /tmp/GraphvizJava/DotEngine13555751433726198148/dotfile.dot -ooutfile.svg]
20:25:33.084 [main] INFO guru.nidi.graphviz.engine.GraphvizCmdLineEngine -- output file:///tmp/GraphvizJava/DotEngine13555751433726198148/outfile.svg
20:25:33.092 [main] INFO guru.nidi.graphviz.engine.GraphvizCmdLineEngine -- input  file:///tmp/GraphvizJava/DotEngine16522700456997807998/dotfile.dot
20:25:33.092 [main] INFO guru.nidi.graphviz.service.CommandLineExecutor -- executing command [/bin/sh, -c, dot -Kdot -Tsvg  /tmp/GraphvizJava/DotEngine16522700456997807998/dotfile.dot -ooutfile.svg]
20:25:33.193 [main] INFO guru.nidi.graphviz.engine.GraphvizCmdLineEngine -- output file:///tmp/GraphvizJava/DotEngine16522700456997807998/outfile.svg
20:25:33.203 [main] INFO guru.nidi.graphviz.engine.GraphvizCmdLineEngine -- input  file:///tmp/GraphvizJava/DotEngine11296120362463830638/dotfile.dot
20:25:33.203 [main] INFO guru.nidi.graphviz.service.CommandLineExecutor -- executing command [/bin/sh, -c, dot -Kdot -Tsvg  /tmp/GraphvizJava/DotEngine11296120362463830638/dotfile.dot -ooutfile.svg]
20:25:33.304 [main] INFO guru.nidi.graphviz.engine.GraphvizCmdLineEngine -- output file:///tmp/GraphvizJava/DotEngine11296120362463830638/outfile.svg
20:25:33.314 [main] INFO guru.nidi.graphviz.engine.GraphvizCmdLineEngine -- input  file:///tmp/GraphvizJava/DotEngine10408591197348197173/dotfile.dot
20:25:33.314 [main] INFO guru.nidi.graphviz.service.CommandLineExecutor -- executing command [/bin/sh, -c, dot -Kdot -Tsvg  /tmp/GraphvizJava/DotEngine10408591197348197173/dotfile.dot -ooutfile.svg]
20:25:33.415 [main] INFO guru.nidi.graphviz.engine.GraphvizCmdLineEngine -- output file:///tmp/GraphvizJava/DotEngine10408591197348197173/outfile.svg
20:25:33.426 [main] INFO guru.nidi.graphviz.engine.GraphvizCmdLineEngine -- input  file:///tmp/GraphvizJava/DotEngine12312512455529313360/dotfile.dot
20:25:33.426 [main] INFO guru.nidi.graphviz.service.CommandLineExecutor -- executing command [/bin/sh, -c, dot -Kdot -Tsvg  /tmp/GraphvizJava/DotEngine12312512455529313360/dotfile.dot -ooutfile.svg]
20:25:33.527 [main] INFO guru.nidi.graphviz.engine.GraphvizCmdLineEngine -- output file:///tmp/GraphvizJava/DotEngine12312512455529313360/outfile.svg
20:25:33.539 [main] INFO guru.nidi.graphviz.engine.GraphvizCmdLineEngine -- input  file:///tmp/GraphvizJava/DotEngine6188468488806049088/dotfile.dot
20:25:33.539 [main] INFO guru.nidi.graphviz.service.CommandLineExecutor -- executing command [/bin/sh, -c, dot -Kdot -Tsvg  /tmp/GraphvizJava/DotEngine6188468488806049088/dotfile.dot -ooutfile.svg]
20:25:33.640 [main] INFO guru.nidi.graphviz.engine.GraphvizCmdLineEngine -- output file:///tmp/GraphvizJava/DotEngine6188468488806049088/outfile.svg
20:25:33.655 [main] INFO guru.nidi.graphviz.engine.GraphvizCmdLineEngine -- input  file:///tmp/GraphvizJava/DotEngine3949437073720002572/dotfile.dot
20:25:33.655 [main] INFO guru.nidi.graphviz.service.CommandLineExecutor -- executing command [/bin/sh, -c, dot -Kdot -Tsvg  /tmp/GraphvizJava/DotEngine3949437073720002572/dotfile.dot -ooutfile.svg]
20:25:33.756 [main] INFO guru.nidi.graphviz.engine.GraphvizCmdLineEngine -- output file:///tmp/GraphvizJava/DotEngine3949437073720002572/outfile.svg
20:25:33.757 [main] INFO com.bica.web.service.AnalysisService -- Cached 34 benchmark results.
]]></system-out>
  </testcase>
  <testcase name="analyzeSimpleType" classname="com.bica.web.service.AnalysisServiceTest" time="0.075">
    <system-out><![CDATA[20:25:33.786 [main] INFO guru.nidi.graphviz.engine.GraphvizCmdLineEngine -- input  file:///tmp/GraphvizJava/DotEngine17604430416181217409/dotfile.dot
20:25:33.786 [main] INFO guru.nidi.graphviz.service.CommandLineExecutor -- executing command [/bin/sh, -c, dot -Kdot -Tsvg  /tmp/GraphvizJava/DotEngine17604430416181217409/dotfile.dot -ooutfile.svg]
20:25:33.837 [main] INFO guru.nidi.graphviz.engine.GraphvizCmdLineEngine -- output file:///tmp/GraphvizJava/DotEngine17604430416181217409/outfile.svg
]]></system-out>
  </testcase>
  <testcase name="analyzeParallel" classname="com.bica.web.service.AnalysisServiceTest" time="0.116">
    <system-out><![CDATA[20:25:33.853 [main] INFO guru.nidi.graphviz.engine.GraphvizCmdLineEngine -- input  file:///tmp/GraphvizJava/DotEngine14335462268391352265/dotfile.dot
20:25:33.853 [main] INFO guru.nidi.graphviz.service.CommandLineExecutor -- executing command [/bin/sh, -c, dot -Kdot -Tsvg  /tmp/GraphvizJava/DotEngine14335462268391352265/dotfile.dot -ooutfile.svg]
20:25:33.954 [main] INFO guru.nidi.graphviz.engine.GraphvizCmdLineEngine -- output file:///tmp/GraphvizJava/DotEngine14335462268391352265/outfile.svg
]]></system-out>
  </testcase>
  <testcase name="analyzeIterator" classname="com.bica.web.service.AnalysisServiceTest" time="0.12">
    <system-out><![CDATA[20:25:33.975 [main] INFO guru.nidi.graphviz.engine.GraphvizCmdLineEngine -- input  file:///tmp/GraphvizJava/DotEngine2236938226669620677/dotfile.dot
20:25:33.975 [main] INFO guru.nidi.graphviz.service.CommandLineExecutor -- executing command [/bin/sh, -c, dot -Kdot -Tsvg  /tmp/GraphvizJava/DotEngine2236938226669620677/dotfile.dot -ooutfile.svg]
20:25:34.076 [main] INFO guru.nidi.graphviz.engine.GraphvizCmdLineEngine -- output file:///tmp/GraphvizJava/DotEngine2236938226669620677/outfile.svg
]]></system-out>
  </testcase>
  <testcase name="generateTests" classname="com.bica.web.service.AnalysisServiceTest" time="0.041"/>
</testsuite>